TN:
SF:src/app.js
FN:69,(anonymous_0)
FN:73,(anonymous_1)
FN:77,(anonymous_2)
FNF:3
FNH:0
FNDA:0,(anonymous_0)
FNDA:0,(anonymous_1)
FNDA:0,(anonymous_2)
DA:1,0
DA:2,0
DA:3,0
DA:4,0
DA:5,0
DA:7,0
DA:8,0
DA:9,0
DA:10,0
DA:11,0
DA:13,0
DA:14,0
DA:15,0
DA:16,0
DA:17,0
DA:18,0
DA:19,0
DA:20,0
DA:21,0
DA:22,0
DA:23,0
DA:24,0
DA:26,0
DA:28,0
DA:34,0
DA:35,0
DA:43,0
DA:44,0
DA:45,0
DA:48,0
DA:50,0
DA:51,0
DA:52,0
DA:53,0
DA:54,0
DA:55,0
DA:56,0
DA:58,0
DA:59,0
DA:60,0
DA:61,0
DA:62,0
DA:63,0
DA:64,0
DA:65,0
DA:66,0
DA:67,0
DA:69,0
DA:70,0
DA:73,0
DA:74,0
DA:77,0
DA:78,0
DA:79,0
DA:85,0
LF:55
LH:0
BRDA:37,0,0,0
BRDA:37,0,1,0
BRDA:81,1,0,0
BRDA:81,1,1,0
BRF:4
BRH:0
end_of_record
TN:
SF:src/middleware/auth.js
FN:3,authenticateToken
FN:11,(anonymous_1)
FN:20,requireRole
FN:21,(anonymous_3)
FN:44,requireAnyRole
FN:45,(anonymous_5)
FN:59,(anonymous_6)
FN:70,hasRole
FNF:8
FNH:0
FNDA:0,authenticateToken
FNDA:0,(anonymous_1)
FNDA:0,requireRole
FNDA:0,(anonymous_3)
FNDA:0,requireAnyRole
FNDA:0,(anonymous_5)
FNDA:0,(anonymous_6)
FNDA:0,hasRole
DA:1,0
DA:4,0
DA:5,0
DA:7,0
DA:8,0
DA:11,0
DA:12,0
DA:13,0
DA:15,0
DA:16,0
DA:21,0
DA:22,0
DA:23,0
DA:27,0
DA:30,0
DA:31,0
DA:35,0
DA:36,0
DA:39,0
DA:45,0
DA:46,0
DA:47,0
DA:51,0
DA:54,0
DA:55,0
DA:59,0
DA:61,0
DA:62,0
DA:65,0
DA:71,0
DA:75,0
DA:76,0
DA:77,0
DA:78,0
DA:80,0
DA:84,0
DA:85,0
DA:88,0
DA:91,0
LF:39
LH:0
BRDA:5,0,0,0
BRDA:5,0,1,0
BRDA:7,1,0,0
BRDA:7,1,1,0
BRDA:12,2,0,0
BRDA:12,2,1,0
BRDA:22,3,0,0
BRDA:22,3,1,0
BRDA:27,4,0,0
BRDA:27,4,1,0
BRDA:30,5,0,0
BRDA:30,5,1,0
BRDA:30,6,0,0
BRDA:30,6,1,0
BRDA:35,7,0,0
BRDA:35,7,1,0
BRDA:46,8,0,0
BRDA:46,8,1,0
BRDA:51,9,0,0
BRDA:51,9,1,0
BRDA:51,10,0,0
BRDA:51,10,1,0
BRDA:54,11,0,0
BRDA:54,11,1,0
BRDA:54,12,0,0
BRDA:54,12,1,0
BRDA:61,13,0,0
BRDA:61,13,1,0
BRDA:71,14,0,0
BRDA:71,14,1,0
BRDA:75,15,0,0
BRDA:75,15,1,0
BRDA:75,16,0,0
BRDA:75,16,1,0
BRDA:77,17,0,0
BRDA:77,17,1,0
BRDA:84,18,0,0
BRDA:84,18,1,0
BRDA:84,19,0,0
BRDA:84,19,1,0
BRF:40
BRH:0
end_of_record
TN:
SF:src/routes/ai-assignment-rules.js
FN:82,(anonymous_0)
FN:102,(anonymous_1)
FN:108,(anonymous_2)
FN:111,(anonymous_3)
FN:152,(anonymous_4)
FN:153,(anonymous_5)
FN:159,(anonymous_6)
FN:183,(anonymous_7)
FN:199,(anonymous_8)
FN:215,(anonymous_9)
FN:217,(anonymous_10)
FN:218,(anonymous_11)
FN:227,(anonymous_12)
FN:235,(anonymous_13)
FN:238,(anonymous_14)
FN:244,(anonymous_15)
FN:247,(anonymous_16)
FN:289,(anonymous_17)
FN:305,calculateNextRun
FN:355,(anonymous_19)
FN:390,(anonymous_20)
FN:447,(anonymous_21)
FN:473,(anonymous_22)
FN:516,(anonymous_23)
FN:596,(anonymous_24)
FN:647,(anonymous_25)
FN:676,(anonymous_26)
FN:749,(anonymous_27)
FN:820,(anonymous_28)
FN:850,(anonymous_29)
FN:879,(anonymous_30)
FN:912,(anonymous_31)
FNF:32
FNH:0
FNDA:0,(anonymous_0)
FNDA:0,(anonymous_1)
FNDA:0,(anonymous_2)
FNDA:0,(anonymous_3)
FNDA:0,(anonymous_4)
FNDA:0,(anonymous_5)
FNDA:0,(anonymous_6)
FNDA:0,(anonymous_7)
FNDA:0,(anonymous_8)
FNDA:0,(anonymous_9)
FNDA:0,(anonymous_10)
FNDA:0,(anonymous_11)
FNDA:0,(anonymous_12)
FNDA:0,(anonymous_13)
FNDA:0,(anonymous_14)
FNDA:0,(anonymous_15)
FNDA:0,(anonymous_16)
FNDA:0,(anonymous_17)
FNDA:0,calculateNextRun
FNDA:0,(anonymous_19)
FNDA:0,(anonymous_20)
FNDA:0,(anonymous_21)
FNDA:0,(anonymous_22)
FNDA:0,(anonymous_23)
FNDA:0,(anonymous_24)
FNDA:0,(anonymous_25)
FNDA:0,(anonymous_26)
FNDA:0,(anonymous_27)
FNDA:0,(anonymous_28)
FNDA:0,(anonymous_29)
FNDA:0,(anonymous_30)
FNDA:0,(anonymous_31)
DA:1,0
DA:2,0
DA:3,0
DA:4,0
DA:5,0
DA:8,0
DA:68,0
DA:74,0
DA:83,0
DA:84,0
DA:85,0
DA:88,0
DA:96,0
DA:100,0
DA:101,0
DA:102,0
DA:103,0
DA:108,0
DA:111,0
DA:114,0
DA:115,0
DA:116,0
DA:117,0
DA:127,0
DA:128,0
DA:136,0
DA:144,0
DA:146,0
DA:153,0
DA:160,0
DA:163,0
DA:164,0
DA:167,0
DA:168,0
DA:169,0
DA:170,0
DA:171,0
DA:174,0
DA:175,0
DA:178,0
DA:180,0
DA:184,0
DA:186,0
DA:187,0
DA:189,0
DA:190,0
DA:192,0
DA:193,0
DA:196,0
DA:201,0
DA:204,0
DA:207,0
DA:208,0
DA:209,0
DA:210,0
DA:212,0
DA:217,0
DA:218,0
DA:219,0
DA:228,0
DA:231,0
DA:232,0
DA:235,0
DA:237,0
DA:238,0
DA:239,0
DA:242,0
DA:243,0
DA:244,0
DA:247,0
DA:256,0
DA:257,0
DA:265,0
DA:274,0
DA:276,0
DA:290,0
DA:296,0
DA:297,0
DA:300,0
DA:306,0
DA:308,0
DA:309,0
DA:311,0
DA:312,0
DA:314,0
DA:315,0
DA:316,0
DA:318,0
DA:319,0
DA:323,0
DA:324,0
DA:325,0
DA:327,0
DA:328,0
DA:331,0
DA:332,0
DA:333,0
DA:334,0
DA:335,0
DA:340,0
DA:341,0
DA:342,0
DA:345,0
DA:346,0
DA:349,0
DA:355,0
DA:356,0
DA:357,0
DA:359,0
DA:363,0
DA:364,0
DA:367,0
DA:368,0
DA:371,0
DA:372,0
DA:374,0
DA:376,0
DA:381,0
DA:382,0
DA:390,0
DA:391,0
DA:392,0
DA:393,0
DA:394,0
DA:400,0
DA:403,0
DA:406,0
DA:427,0
DA:428,0
DA:429,0
DA:430,0
DA:431,0
DA:432,0
DA:433,0
DA:434,0
DA:435,0
DA:436,0
DA:437,0
DA:438,0
DA:441,0
DA:446,0
DA:447,0
DA:454,0
DA:455,0
DA:459,0
DA:464,0
DA:465,0
DA:473,0
DA:474,0
DA:475,0
DA:477,0
DA:481,0
DA:482,0
DA:489,0
DA:499,0
DA:507,0
DA:508,0
DA:516,0
DA:517,0
DA:518,0
DA:519,0
DA:521,0
DA:522,0
DA:528,0
DA:531,0
DA:534,0
DA:556,0
DA:557,0
DA:558,0
DA:559,0
DA:560,0
DA:561,0
DA:562,0
DA:563,0
DA:564,0
DA:565,0
DA:566,0
DA:567,0
DA:570,0
DA:575,0
DA:576,0
DA:582,0
DA:587,0
DA:588,0
DA:596,0
DA:597,0
DA:598,0
DA:599,0
DA:601,0
DA:602,0
DA:609,0
DA:617,0
DA:618,0
DA:624,0
DA:633,0
DA:638,0
DA:639,0
DA:647,0
DA:648,0
DA:649,0
DA:651,0
DA:655,0
DA:656,0
DA:662,0
DA:667,0
DA:668,0
DA:676,0
DA:677,0
DA:678,0
DA:679,0
DA:681,0
DA:682,0
DA:688,0
DA:691,0
DA:695,0
DA:696,0
DA:703,0
DA:714,0
DA:715,0
DA:718,0
DA:719,0
DA:722,0
DA:725,0
DA:732,0
DA:733,0
DA:737,0
DA:743,0
DA:749,0
DA:761,0
DA:766,0
DA:767,0
DA:768,0
DA:769,0
DA:770,0
DA:780,0
DA:781,0
DA:785,0
DA:795,0
DA:811,0
DA:812,0
DA:820,0
DA:821,0
DA:822,0
DA:823,0
DA:825,0
DA:829,0
DA:830,0
DA:833,0
DA:834,0
DA:836,0
DA:841,0
DA:842,0
DA:850,0
DA:851,0
DA:852,0
DA:854,0
DA:858,0
DA:859,0
DA:865,0
DA:870,0
DA:871,0
DA:879,0
DA:880,0
DA:881,0
DA:883,0
DA:891,0
DA:892,0
DA:898,0
DA:903,0
DA:904,0
DA:912,0
DA:913,0
DA:914,0
DA:916,0
DA:920,0
DA:921,0
DA:927,0
DA:932,0
DA:933,0
DA:940,0
LF:280
LH:0
BRDA:82,0,0,0
BRDA:103,1,0,0
BRDA:103,1,1,0
BRDA:114,2,0,0
BRDA:114,2,1,0
BRDA:127,3,0,0
BRDA:127,3,1,0
BRDA:140,4,0,0
BRDA:140,4,1,0
BRDA:153,5,0,0
BRDA:153,5,1,0
BRDA:163,6,0,0
BRDA:163,6,1,0
BRDA:168,7,0,0
BRDA:168,7,1,0
BRDA:169,8,0,0
BRDA:169,8,1,0
BRDA:174,9,0,0
BRDA:174,9,1,0
BRDA:186,10,0,0
BRDA:186,10,1,0
BRDA:189,11,0,0
BRDA:189,11,1,0
BRDA:192,12,0,0
BRDA:192,12,1,0
BRDA:193,13,0,0
BRDA:193,13,1,0
BRDA:201,14,0,0
BRDA:201,14,1,0
BRDA:204,15,0,0
BRDA:204,15,1,0
BRDA:204,16,0,0
BRDA:204,16,1,0
BRDA:208,17,0,0
BRDA:208,17,1,0
BRDA:209,18,0,0
BRDA:209,18,1,0
BRDA:210,19,0,0
BRDA:210,19,1,0
BRDA:219,20,0,0
BRDA:219,20,1,0
BRDA:227,21,0,0
BRDA:242,22,0,0
BRDA:242,22,1,0
BRDA:256,23,0,0
BRDA:256,23,1,0
BRDA:269,24,0,0
BRDA:269,24,1,0
BRDA:292,25,0,0
BRDA:292,25,1,0
BRDA:296,26,0,0
BRDA:296,26,1,0
BRDA:306,27,0,0
BRDA:306,27,1,0
BRDA:314,28,0,0
BRDA:314,28,1,0
BRDA:315,29,0,0
BRDA:315,29,1,0
BRDA:318,30,0,0
BRDA:318,30,1,0
BRDA:327,31,0,0
BRDA:327,31,1,0
BRDA:332,32,0,0
BRDA:332,32,1,0
BRDA:334,33,0,0
BRDA:334,33,1,0
BRDA:340,34,0,0
BRDA:340,34,1,0
BRDA:340,35,0,0
BRDA:340,35,1,0
BRDA:345,36,0,0
BRDA:345,36,1,0
BRDA:345,37,0,0
BRDA:345,37,1,0
BRDA:357,38,0,0
BRDA:357,39,0,0
BRDA:363,40,0,0
BRDA:363,40,1,0
BRDA:367,41,0,0
BRDA:367,41,1,0
BRDA:393,42,0,0
BRDA:393,42,1,0
BRDA:427,43,0,0
BRDA:427,43,1,0
BRDA:427,44,0,0
BRDA:427,44,1,0
BRDA:433,45,0,0
BRDA:433,45,1,0
BRDA:433,46,0,0
BRDA:433,46,1,0
BRDA:446,47,0,0
BRDA:446,47,1,0
BRDA:446,48,0,0
BRDA:446,48,1,0
BRDA:454,49,0,0
BRDA:454,49,1,0
BRDA:481,50,0,0
BRDA:481,50,1,0
BRDA:521,51,0,0
BRDA:521,51,1,0
BRDA:556,52,0,0
BRDA:556,52,1,0
BRDA:556,53,0,0
BRDA:556,53,1,0
BRDA:562,54,0,0
BRDA:562,54,1,0
BRDA:562,55,0,0
BRDA:562,55,1,0
BRDA:575,56,0,0
BRDA:575,56,1,0
BRDA:601,57,0,0
BRDA:601,57,1,0
BRDA:617,58,0,0
BRDA:617,58,1,0
BRDA:655,59,0,0
BRDA:655,59,1,0
BRDA:681,60,0,0
BRDA:681,60,1,0
BRDA:695,61,0,0
BRDA:695,61,1,0
BRDA:714,62,0,0
BRDA:714,62,1,0
BRDA:718,63,0,0
BRDA:718,63,1,0
BRDA:732,64,0,0
BRDA:732,64,1,0
BRDA:746,65,0,0
BRDA:746,65,1,0
BRDA:756,66,0,0
BRDA:756,66,1,0
BRDA:757,67,0,0
BRDA:757,67,1,0
BRDA:766,68,0,0
BRDA:766,68,1,0
BRDA:780,69,0,0
BRDA:780,69,1,0
BRDA:806,70,0,0
BRDA:806,70,1,0
BRDA:807,71,0,0
BRDA:807,71,1,0
BRDA:823,72,0,0
BRDA:823,73,0,0
BRDA:829,74,0,0
BRDA:829,74,1,0
BRDA:858,75,0,0
BRDA:858,75,1,0
BRDA:891,76,0,0
BRDA:891,76,1,0
BRDA:920,77,0,0
BRDA:920,77,1,0
BRF:150
BRH:0
end_of_record
TN:
SF:src/routes/ai-suggestions.js
FN:24,(anonymous_0)
FN:40,(anonymous_1)
FN:43,(anonymous_2)
FN:55,(anonymous_3)
FN:64,(anonymous_4)
FN:99,(anonymous_5)
FN:111,(anonymous_6)
FN:137,(anonymous_7)
FN:156,(anonymous_8)
FN:164,(anonymous_9)
FN:165,(anonymous_10)
FN:174,(anonymous_11)
FN:187,(anonymous_12)
FN:193,(anonymous_13)
FN:208,(anonymous_14)
FN:232,(anonymous_15)
FN:244,(anonymous_16)
FN:271,(anonymous_17)
FN:302,(anonymous_18)
FN:338,(anonymous_19)
FN:413,(anonymous_20)
FNF:21
FNH:0
FNDA:0,(anonymous_0)
FNDA:0,(anonymous_1)
FNDA:0,(anonymous_2)
FNDA:0,(anonymous_3)
FNDA:0,(anonymous_4)
FNDA:0,(anonymous_5)
FNDA:0,(anonymous_6)
FNDA:0,(anonymous_7)
FNDA:0,(anonymous_8)
FNDA:0,(anonymous_9)
FNDA:0,(anonymous_10)
FNDA:0,(anonymous_11)
FNDA:0,(anonymous_12)
FNDA:0,(anonymous_13)
FNDA:0,(anonymous_14)
FNDA:0,(anonymous_15)
FNDA:0,(anonymous_16)
FNDA:0,(anonymous_17)
FNDA:0,(anonymous_18)
FNDA:0,(anonymous_19)
FNDA:0,(anonymous_20)
DA:1,0
DA:2,0
DA:3,0
DA:4,0
DA:5,0
DA:8,0
DA:18,0
DA:25,0
DA:27,0
DA:29,0
DA:31,0
DA:32,0
DA:33,0
DA:34,0
DA:40,0
DA:45,0
DA:55,0
DA:57,0
DA:66,0
DA:67,0
DA:68,0
DA:69,0
DA:73,0
DA:80,0
DA:84,0
DA:101,0
DA:104,0
DA:105,0
DA:107,0
DA:108,0
DA:113,0
DA:120,0
DA:121,0
DA:125,0
DA:126,0
DA:131,0
DA:134,0
DA:139,0
DA:146,0
DA:149,0
DA:150,0
DA:151,0
DA:153,0
DA:158,0
DA:162,0
DA:164,0
DA:165,0
DA:166,0
DA:168,0
DA:169,0
DA:171,0
DA:175,0
DA:177,0
DA:178,0
DA:179,0
DA:180,0
DA:182,0
DA:183,0
DA:184,0
DA:186,0
DA:187,0
DA:193,0
DA:194,0
DA:195,0
DA:196,0
DA:197,0
DA:203,0
DA:206,0
DA:209,0
DA:215,0
DA:216,0
DA:223,0
DA:229,0
DA:232,0
DA:237,0
DA:238,0
DA:241,0
DA:244,0
DA:262,0
DA:263,0
DA:271,0
DA:272,0
DA:273,0
DA:275,0
DA:292,0
DA:293,0
DA:296,0
DA:297,0
DA:299,0
DA:302,0
DA:329,0
DA:330,0
DA:338,0
DA:339,0
DA:340,0
DA:343,0
DA:349,0
DA:350,0
DA:357,0
DA:362,0
DA:363,0
DA:370,0
DA:378,0
DA:381,0
DA:389,0
DA:404,0
DA:405,0
DA:413,0
DA:414,0
DA:415,0
DA:416,0
DA:418,0
DA:419,0
DA:425,0
DA:428,0
DA:438,0
DA:439,0
DA:445,0
DA:451,0
DA:452,0
DA:459,0
LF:121
LH:0
BRDA:24,0,0,0
BRDA:33,1,0,0
BRDA:33,1,1,0
BRDA:73,2,0,0
BRDA:73,2,1,0
BRDA:74,3,0,0
BRDA:74,3,1,0
BRDA:75,4,0,0
BRDA:75,4,1,0
BRDA:76,5,0,0
BRDA:76,5,1,0
BRDA:101,6,0,0
BRDA:101,6,1,0
BRDA:101,7,0,0
BRDA:101,7,1,0
BRDA:105,8,0,0
BRDA:105,8,1,0
BRDA:107,9,0,0
BRDA:107,9,1,0
BRDA:120,10,0,0
BRDA:120,10,1,0
BRDA:125,11,0,0
BRDA:125,11,1,0
BRDA:131,12,0,0
BRDA:131,12,1,0
BRDA:146,13,0,0
BRDA:146,13,1,0
BRDA:149,14,0,0
BRDA:149,14,1,0
BRDA:149,15,0,0
BRDA:149,15,1,0
BRDA:150,16,0,0
BRDA:150,16,1,0
BRDA:150,17,0,0
BRDA:150,17,1,0
BRDA:151,18,0,0
BRDA:151,18,1,0
BRDA:151,19,0,0
BRDA:151,19,1,0
BRDA:162,20,0,0
BRDA:162,20,1,0
BRDA:177,21,0,0
BRDA:177,21,1,0
BRDA:178,22,0,0
BRDA:178,22,1,0
BRDA:179,23,0,0
BRDA:179,23,1,0
BRDA:180,24,0,0
BRDA:180,24,1,0
BRDA:182,25,0,0
BRDA:182,25,1,0
BRDA:183,26,0,0
BRDA:183,26,1,0
BRDA:184,27,0,0
BRDA:184,27,1,0
BRDA:186,28,0,0
BRDA:186,28,1,0
BRDA:196,29,0,0
BRDA:196,29,1,0
BRDA:215,30,0,0
BRDA:215,30,1,0
BRDA:237,31,0,0
BRDA:237,31,1,0
BRDA:273,32,0,0
BRDA:273,33,0,0
BRDA:273,34,0,0
BRDA:292,35,0,0
BRDA:292,35,1,0
BRDA:349,36,0,0
BRDA:349,36,1,0
BRDA:362,37,0,0
BRDA:362,37,1,0
BRDA:418,38,0,0
BRDA:418,38,1,0
BRDA:438,39,0,0
BRDA:438,39,1,0
BRF:76
BRH:0
end_of_record
TN:
SF:src/routes/assignments.js
FN:18,(anonymous_0)
FN:67,(anonymous_1)
FN:75,(anonymous_2)
FN:81,(anonymous_3)
FN:138,(anonymous_4)
FN:170,(anonymous_5)
FN:271,(anonymous_6)
FN:285,(anonymous_7)
FN:301,(anonymous_8)
FN:398,(anonymous_9)
FN:446,(anonymous_10)
FN:480,(anonymous_11)
FN:515,(anonymous_12)
FN:568,(anonymous_13)
FN:580,(anonymous_14)
FN:593,(anonymous_15)
FN:606,(anonymous_16)
FN:611,(anonymous_17)
FN:619,(anonymous_18)
FN:629,(anonymous_19)
FN:640,(anonymous_20)
FN:647,(anonymous_21)
FN:683,(anonymous_22)
FN:684,(anonymous_23)
FN:685,(anonymous_24)
FNF:25
FNH:0
FNDA:0,(anonymous_0)
FNDA:0,(anonymous_1)
FNDA:0,(anonymous_2)
FNDA:0,(anonymous_3)
FNDA:0,(anonymous_4)
FNDA:0,(anonymous_5)
FNDA:0,(anonymous_6)
FNDA:0,(anonymous_7)
FNDA:0,(anonymous_8)
FNDA:0,(anonymous_9)
FNDA:0,(anonymous_10)
FNDA:0,(anonymous_11)
FNDA:0,(anonymous_12)
FNDA:0,(anonymous_13)
FNDA:0,(anonymous_14)
FNDA:0,(anonymous_15)
FNDA:0,(anonymous_16)
FNDA:0,(anonymous_17)
FNDA:0,(anonymous_18)
FNDA:0,(anonymous_19)
FNDA:0,(anonymous_20)
FNDA:0,(anonymous_21)
FNDA:0,(anonymous_22)
FNDA:0,(anonymous_23)
FNDA:0,(anonymous_24)
DA:1,0
DA:2,0
DA:3,0
DA:4,0
DA:5,0
DA:6,0
DA:7,0
DA:8,0
DA:10,0
DA:18,0
DA:19,0
DA:20,0
DA:22,0
DA:44,0
DA:45,0
DA:48,0
DA:49,0
DA:52,0
DA:53,0
DA:56,0
DA:57,0
DA:59,0
DA:62,0
DA:65,0
DA:66,0
DA:67,0
DA:68,0
DA:75,0
DA:76,0
DA:81,0
DA:82,0
DA:83,0
DA:84,0
DA:86,0
DA:94,0
DA:121,0
DA:132,0
DA:133,0
DA:138,0
DA:139,0
DA:140,0
DA:158,0
DA:159,0
DA:162,0
DA:164,0
DA:165,0
DA:170,0
DA:171,0
DA:172,0
DA:173,0
DA:174,0
DA:178,0
DA:179,0
DA:180,0
DA:184,0
DA:195,0
DA:196,0
DA:200,0
DA:201,0
DA:202,0
DA:206,0
DA:207,0
DA:211,0
DA:212,0
DA:213,0
DA:214,0
DA:215,0
DA:217,0
DA:218,0
DA:222,0
DA:227,0
DA:228,0
DA:232,0
DA:237,0
DA:238,0
DA:242,0
DA:248,0
DA:249,0
DA:253,0
DA:261,0
DA:262,0
DA:267,0
DA:270,0
DA:271,0
DA:272,0
DA:273,0
DA:274,0
DA:278,0
DA:279,0
DA:280,0
DA:281,0
DA:283,0
DA:285,0
DA:286,0
DA:287,0
DA:289,0
DA:292,0
DA:293,0
DA:294,0
DA:301,0
DA:302,0
DA:307,0
DA:308,0
DA:311,0
DA:315,0
DA:318,0
DA:324,0
DA:327,0
DA:335,0
DA:345,0
DA:352,0
DA:355,0
DA:361,0
DA:362,0
DA:363,0
DA:364,0
DA:365,0
DA:368,0
DA:372,0
DA:381,0
DA:382,0
DA:383,0
DA:385,0
DA:386,0
DA:387,0
DA:390,0
DA:392,0
DA:393,0
DA:398,0
DA:399,0
DA:400,0
DA:401,0
DA:403,0
DA:404,0
DA:407,0
DA:412,0
DA:413,0
DA:417,0
DA:418,0
DA:424,0
DA:425,0
DA:426,0
DA:427,0
DA:428,0
DA:431,0
DA:435,0
DA:440,0
DA:441,0
DA:446,0
DA:447,0
DA:448,0
DA:449,0
DA:450,0
DA:453,0
DA:455,0
DA:457,0
DA:458,0
DA:462,0
DA:466,0
DA:467,0
DA:472,0
DA:474,0
DA:475,0
DA:480,0
DA:481,0
DA:482,0
DA:484,0
DA:485,0
DA:488,0
DA:489,0
DA:490,0
DA:493,0
DA:495,0
DA:496,0
DA:498,0
DA:499,0
DA:502,0
DA:503,0
DA:504,0
DA:507,0
DA:508,0
DA:509,0
DA:513,0
DA:516,0
DA:520,0
DA:521,0
DA:525,0
DA:533,0
DA:534,0
DA:537,0
DA:546,0
DA:550,0
DA:554,0
DA:556,0
DA:558,0
DA:559,0
DA:562,0
DA:563,0
DA:568,0
DA:569,0
DA:570,0
DA:571,0
DA:572,0
DA:575,0
DA:576,0
DA:579,0
DA:580,0
DA:581,0
DA:582,0
DA:583,0
DA:590,0
DA:594,0
DA:606,0
DA:607,0
DA:610,0
DA:611,0
DA:612,0
DA:613,0
DA:615,0
DA:619,0
DA:625,0
DA:626,0
DA:629,0
DA:630,0
DA:633,0
DA:634,0
DA:636,0
DA:637,0
DA:638,0
DA:639,0
DA:640,0
DA:641,0
DA:643,0
DA:647,0
DA:648,0
DA:653,0
DA:654,0
DA:655,0
DA:657,0
DA:658,0
DA:663,0
DA:672,0
DA:683,0
DA:684,0
DA:685,0
DA:690,0
DA:691,0
DA:695,0
LF:248
LH:0
BRDA:20,0,0,0
BRDA:20,1,0,0
BRDA:44,2,0,0
BRDA:44,2,1,0
BRDA:48,3,0,0
BRDA:48,3,1,0
BRDA:52,4,0,0
BRDA:52,4,1,0
BRDA:66,5,0,0
BRDA:66,5,1,0
BRDA:82,6,0,0
BRDA:82,6,1,0
BRDA:82,6,2,0
BRDA:83,7,0,0
BRDA:83,7,1,0
BRDA:84,8,0,0
BRDA:84,8,1,0
BRDA:86,9,0,0
BRDA:86,9,1,0
BRDA:113,10,0,0
BRDA:113,10,1,0
BRDA:114,11,0,0
BRDA:114,11,1,0
BRDA:115,12,0,0
BRDA:115,12,1,0
BRDA:158,13,0,0
BRDA:158,13,1,0
BRDA:173,14,0,0
BRDA:173,14,1,0
BRDA:179,15,0,0
BRDA:179,15,1,0
BRDA:195,16,0,0
BRDA:195,16,1,0
BRDA:201,17,0,0
BRDA:201,17,1,0
BRDA:206,18,0,0
BRDA:206,18,1,0
BRDA:212,19,0,0
BRDA:212,19,1,0
BRDA:214,20,0,0
BRDA:214,20,1,0
BRDA:217,21,0,0
BRDA:217,21,1,0
BRDA:227,22,0,0
BRDA:227,22,1,0
BRDA:237,23,0,0
BRDA:237,23,1,0
BRDA:248,24,0,0
BRDA:248,24,1,0
BRDA:261,25,0,0
BRDA:261,25,1,0
BRDA:271,26,0,0
BRDA:271,26,1,0
BRDA:279,27,0,0
BRDA:279,27,1,0
BRDA:283,28,0,0
BRDA:283,28,1,0
BRDA:286,29,0,0
BRDA:286,29,1,0
BRDA:286,30,0,0
BRDA:286,30,1,0
BRDA:292,31,0,0
BRDA:292,31,1,0
BRDA:293,32,0,0
BRDA:293,32,1,0
BRDA:302,33,0,0
BRDA:302,33,1,0
BRDA:302,33,2,0
BRDA:307,34,0,0
BRDA:307,34,1,0
BRDA:362,35,0,0
BRDA:362,35,1,0
BRDA:362,36,0,0
BRDA:362,36,1,0
BRDA:364,37,0,0
BRDA:364,37,1,0
BRDA:382,38,0,0
BRDA:382,38,1,0
BRDA:383,39,0,0
BRDA:383,39,1,0
BRDA:385,40,0,0
BRDA:385,40,1,0
BRDA:403,41,0,0
BRDA:403,41,1,0
BRDA:412,42,0,0
BRDA:412,42,1,0
BRDA:425,43,0,0
BRDA:425,43,1,0
BRDA:425,44,0,0
BRDA:425,44,1,0
BRDA:427,45,0,0
BRDA:427,45,1,0
BRDA:449,46,0,0
BRDA:449,46,1,0
BRDA:457,47,0,0
BRDA:457,47,1,0
BRDA:466,48,0,0
BRDA:466,48,1,0
BRDA:484,49,0,0
BRDA:484,49,1,0
BRDA:484,50,0,0
BRDA:484,50,1,0
BRDA:484,50,2,0
BRDA:489,51,0,0
BRDA:489,51,1,0
BRDA:503,52,0,0
BRDA:503,52,1,0
BRDA:503,53,0,0
BRDA:503,53,1,0
BRDA:508,54,0,0
BRDA:508,54,1,0
BRDA:520,55,0,0
BRDA:520,55,1,0
BRDA:533,56,0,0
BRDA:533,56,1,0
BRDA:563,57,0,0
BRDA:563,57,1,0
BRDA:571,58,0,0
BRDA:571,58,1,0
BRDA:580,59,0,0
BRDA:580,59,1,0
BRDA:612,60,0,0
BRDA:612,60,1,0
BRDA:621,61,0,0
BRDA:621,61,1,0
BRDA:630,62,0,0
BRDA:630,62,1,0
BRDA:636,63,0,0
BRDA:636,63,1,0
BRDA:638,64,0,0
BRDA:638,64,1,0
BRDA:641,65,0,0
BRDA:641,65,1,0
BRDA:643,66,0,0
BRDA:643,66,1,0
BRDA:644,67,0,0
BRDA:644,67,1,0
BRDA:648,68,0,0
BRDA:648,68,1,0
BRDA:648,68,2,0
BRDA:653,69,0,0
BRDA:653,69,1,0
BRDA:665,70,0,0
BRDA:665,70,1,0
BRF:144
BRH:0
end_of_record
TN:
SF:src/routes/auth.js
FN:33,(anonymous_0)
FN:112,(anonymous_1)
FN:191,(anonymous_2)
FNF:3
FNH:0
FNDA:0,(anonymous_0)
FNDA:0,(anonymous_1)
FNDA:0,(anonymous_2)
DA:1,0
DA:2,0
DA:3,0
DA:4,0
DA:5,0
DA:6,0
DA:7,0
DA:9,0
DA:14,0
DA:33,0
DA:34,0
DA:35,0
DA:36,0
DA:37,0
DA:40,0
DA:43,0
DA:44,0
DA:45,0
DA:49,0
DA:50,0
DA:51,0
DA:55,0
DA:67,0
DA:74,0
DA:76,0
DA:77,0
DA:78,0
DA:79,0
DA:101,0
DA:106,0
DA:107,0
DA:112,0
DA:113,0
DA:114,0
DA:115,0
DA:116,0
DA:119,0
DA:122,0
DA:123,0
DA:124,0
DA:128,0
DA:129,0
DA:131,0
DA:133,0
DA:135,0
DA:141,0
DA:148,0
DA:149,0
DA:155,0
DA:158,0
DA:161,0
DA:172,0
DA:177,0
DA:178,0
DA:181,0
DA:182,0
DA:183,0
DA:185,0
DA:191,0
DA:192,0
DA:193,0
DA:198,0
DA:199,0
DA:202,0
DA:212,0
DA:214,0
DA:215,0
DA:216,0
DA:217,0
DA:239,0
DA:241,0
DA:242,0
DA:246,0
LF:73
LH:0
BRDA:36,0,0,0
BRDA:36,0,1,0
BRDA:44,1,0,0
BRDA:44,1,1,0
BRDA:50,2,0,0
BRDA:50,2,1,0
BRDA:60,3,0,0
BRDA:60,3,1,0
BRDA:63,4,0,0
BRDA:63,4,1,0
BRDA:71,5,0,0
BRDA:71,5,1,0
BRDA:74,6,0,0
BRDA:74,6,1,0
BRDA:74,7,0,0
BRDA:74,7,1,0
BRDA:77,8,0,0
BRDA:77,8,1,0
BRDA:115,9,0,0
BRDA:115,9,1,0
BRDA:123,10,0,0
BRDA:123,10,1,0
BRDA:148,11,0,0
BRDA:148,11,1,0
BRDA:148,12,0,0
BRDA:148,12,1,0
BRDA:166,13,0,0
BRDA:166,13,1,0
BRDA:169,14,0,0
BRDA:169,14,1,0
BRDA:182,15,0,0
BRDA:182,15,1,0
BRDA:198,16,0,0
BRDA:198,16,1,0
BRDA:206,17,0,0
BRDA:206,17,1,0
BRDA:212,18,0,0
BRDA:212,18,1,0
BRDA:212,19,0,0
BRDA:212,19,1,0
BRDA:215,20,0,0
BRDA:215,20,1,0
BRF:42
BRH:0
end_of_record
TN:
SF:src/routes/availability.js
FN:7,(anonymous_0)
FN:42,(anonymous_1)
FN:62,(anonymous_2)
FN:63,(anonymous_3)
FN:67,(anonymous_4)
FN:71,(anonymous_5)
FN:108,(anonymous_6)
FN:134,(anonymous_7)
FN:135,(anonymous_8)
FN:138,(anonymous_9)
FN:141,(anonymous_10)
FN:179,(anonymous_11)
FN:211,(anonymous_12)
FN:224,(anonymous_13)
FN:225,(anonymous_14)
FN:228,(anonymous_15)
FN:231,(anonymous_16)
FN:269,(anonymous_17)
FN:300,(anonymous_18)
FN:309,(anonymous_19)
FN:310,(anonymous_20)
FN:313,(anonymous_21)
FN:316,(anonymous_22)
FNF:23
FNH:0
FNDA:0,(anonymous_0)
FNDA:0,(anonymous_1)
FNDA:0,(anonymous_2)
FNDA:0,(anonymous_3)
FNDA:0,(anonymous_4)
FNDA:0,(anonymous_5)
FNDA:0,(anonymous_6)
FNDA:0,(anonymous_7)
FNDA:0,(anonymous_8)
FNDA:0,(anonymous_9)
FNDA:0,(anonymous_10)
FNDA:0,(anonymous_11)
FNDA:0,(anonymous_12)
FNDA:0,(anonymous_13)
FNDA:0,(anonymous_14)
FNDA:0,(anonymous_15)
FNDA:0,(anonymous_16)
FNDA:0,(anonymous_17)
FNDA:0,(anonymous_18)
FNDA:0,(anonymous_19)
FNDA:0,(anonymous_20)
FNDA:0,(anonymous_21)
FNDA:0,(anonymous_22)
DA:1,0
DA:2,0
DA:3,0
DA:4,0
DA:7,0
DA:8,0
DA:9,0
DA:10,0
DA:12,0
DA:18,0
DA:19,0
DA:21,0
DA:22,0
DA:25,0
DA:27,0
DA:36,0
DA:37,0
DA:42,0
DA:43,0
DA:44,0
DA:45,0
DA:48,0
DA:49,0
DA:53,0
DA:54,0
DA:55,0
DA:59,0
DA:63,0
DA:65,0
DA:69,0
DA:73,0
DA:78,0
DA:79,0
DA:86,0
DA:97,0
DA:102,0
DA:103,0
DA:108,0
DA:109,0
DA:110,0
DA:111,0
DA:114,0
DA:115,0
DA:116,0
DA:120,0
DA:122,0
DA:123,0
DA:124,0
DA:129,0
DA:130,0
DA:135,0
DA:136,0
DA:139,0
DA:142,0
DA:147,0
DA:148,0
DA:156,0
DA:168,0
DA:173,0
DA:174,0
DA:179,0
DA:180,0
DA:181,0
DA:184,0
DA:185,0
DA:186,0
DA:190,0
DA:192,0
DA:193,0
DA:194,0
DA:198,0
DA:200,0
DA:205,0
DA:206,0
DA:211,0
DA:212,0
DA:213,0
DA:215,0
DA:216,0
DA:219,0
DA:225,0
DA:226,0
DA:229,0
DA:232,0
DA:238,0
DA:239,0
DA:242,0
DA:245,0
DA:254,0
DA:263,0
DA:264,0
DA:269,0
DA:270,0
DA:271,0
DA:273,0
DA:274,0
DA:278,0
DA:279,0
DA:280,0
DA:284,0
DA:286,0
DA:287,0
DA:288,0
DA:293,0
DA:294,0
DA:295,0
DA:300,0
DA:301,0
DA:302,0
DA:304,0
DA:306,0
DA:310,0
DA:311,0
DA:314,0
DA:317,0
DA:322,0
DA:323,0
DA:324,0
DA:328,0
DA:339,0
DA:342,0
DA:345,0
DA:355,0
DA:356,0
DA:360,0
LF:125
LH:0
BRDA:18,0,0,0
BRDA:18,0,1,0
BRDA:21,1,0,0
BRDA:21,1,1,0
BRDA:45,2,0,0
BRDA:48,3,0,0
BRDA:48,3,1,0
BRDA:48,4,0,0
BRDA:48,4,1,0
BRDA:48,4,2,0
BRDA:54,5,0,0
BRDA:54,5,1,0
BRDA:78,6,0,0
BRDA:78,6,1,0
BRDA:115,7,0,0
BRDA:115,7,1,0
BRDA:120,8,0,0
BRDA:120,8,1,0
BRDA:123,9,0,0
BRDA:123,9,1,0
BRDA:123,10,0,0
BRDA:123,10,1,0
BRDA:129,11,0,0
BRDA:129,11,1,0
BRDA:129,12,0,0
BRDA:129,12,1,0
BRDA:129,12,2,0
BRDA:147,13,0,0
BRDA:147,13,1,0
BRDA:159,14,0,0
BRDA:159,14,1,0
BRDA:160,15,0,0
BRDA:160,15,1,0
BRDA:161,16,0,0
BRDA:161,16,1,0
BRDA:162,17,0,0
BRDA:162,17,1,0
BRDA:163,18,0,0
BRDA:163,18,1,0
BRDA:185,19,0,0
BRDA:185,19,1,0
BRDA:190,20,0,0
BRDA:190,20,1,0
BRDA:193,21,0,0
BRDA:193,21,1,0
BRDA:193,22,0,0
BRDA:193,22,1,0
BRDA:215,23,0,0
BRDA:215,23,1,0
BRDA:215,24,0,0
BRDA:215,24,1,0
BRDA:215,24,2,0
BRDA:238,25,0,0
BRDA:238,25,1,0
BRDA:252,26,0,0
BRDA:252,26,1,0
BRDA:252,27,0,0
BRDA:252,27,1,0
BRDA:273,28,0,0
BRDA:273,28,1,0
BRDA:273,29,0,0
BRDA:273,29,1,0
BRDA:273,29,2,0
BRDA:279,30,0,0
BRDA:279,30,1,0
BRDA:284,31,0,0
BRDA:284,31,1,0
BRDA:287,32,0,0
BRDA:287,32,1,0
BRDA:287,33,0,0
BRDA:287,33,1,0
BRDA:294,34,0,0
BRDA:294,34,1,0
BRDA:294,35,0,0
BRDA:294,35,1,0
BRDA:294,35,2,0
BRDA:322,36,0,0
BRDA:322,36,1,0
BRDA:334,37,0,0
BRDA:334,37,1,0
BRF:80
BRH:0
end_of_record
TN:
SF:src/routes/chunks.js
FN:46,(anonymous_0)
FN:56,(anonymous_1)
FN:57,(anonymous_2)
FN:64,(anonymous_3)
FN:69,(anonymous_4)
FN:70,(anonymous_5)
FN:71,(anonymous_6)
FN:83,(anonymous_7)
FN:125,(anonymous_8)
FN:127,(anonymous_9)
FN:133,(anonymous_10)
FN:149,(anonymous_11)
FN:158,(anonymous_12)
FN:185,(anonymous_13)
FN:193,(anonymous_14)
FN:228,(anonymous_15)
FN:267,(anonymous_16)
FN:304,(anonymous_17)
FN:336,(anonymous_18)
FN:387,(anonymous_19)
FN:412,(anonymous_20)
FN:465,(anonymous_21)
FN:474,(anonymous_22)
FN:539,(anonymous_23)
FN:625,(anonymous_24)
FN:645,(anonymous_25)
FN:703,(anonymous_26)
FN:740,(anonymous_27)
FN:760,(anonymous_28)
FNF:29
FNH:0
FNDA:0,(anonymous_0)
FNDA:0,(anonymous_1)
FNDA:0,(anonymous_2)
FNDA:0,(anonymous_3)
FNDA:0,(anonymous_4)
FNDA:0,(anonymous_5)
FNDA:0,(anonymous_6)
FNDA:0,(anonymous_7)
FNDA:0,(anonymous_8)
FNDA:0,(anonymous_9)
FNDA:0,(anonymous_10)
FNDA:0,(anonymous_11)
FNDA:0,(anonymous_12)
FNDA:0,(anonymous_13)
FNDA:0,(anonymous_14)
FNDA:0,(anonymous_15)
FNDA:0,(anonymous_16)
FNDA:0,(anonymous_17)
FNDA:0,(anonymous_18)
FNDA:0,(anonymous_19)
FNDA:0,(anonymous_20)
FNDA:0,(anonymous_21)
FNDA:0,(anonymous_22)
FNDA:0,(anonymous_23)
FNDA:0,(anonymous_24)
FNDA:0,(anonymous_25)
FNDA:0,(anonymous_26)
FNDA:0,(anonymous_27)
FNDA:0,(anonymous_28)
DA:1,0
DA:2,0
DA:3,0
DA:4,0
DA:5,0
DA:8,0
DA:18,0
DA:25,0
DA:32,0
DA:47,0
DA:51,0
DA:52,0
DA:56,0
DA:57,0
DA:59,0
DA:60,0
DA:64,0
DA:66,0
DA:70,0
DA:71,0
DA:73,0
DA:84,0
DA:86,0
DA:88,0
DA:93,0
DA:94,0
DA:99,0
DA:103,0
DA:113,0
DA:114,0
DA:122,0
DA:126,0
DA:128,0
DA:134,0
DA:139,0
DA:140,0
DA:143,0
DA:144,0
DA:146,0
DA:147,0
DA:149,0
DA:150,0
DA:151,0
DA:152,0
DA:155,0
DA:156,0
DA:158,0
DA:159,0
DA:161,0
DA:162,0
DA:163,0
DA:164,0
DA:166,0
DA:167,0
DA:171,0
DA:172,0
DA:182,0
DA:186,0
DA:187,0
DA:188,0
DA:193,0
DA:194,0
DA:195,0
DA:196,0
DA:197,0
DA:203,0
DA:206,0
DA:209,0
DA:211,0
DA:225,0
DA:228,0
DA:235,0
DA:237,0
DA:258,0
DA:259,0
DA:267,0
DA:268,0
DA:275,0
DA:277,0
DA:286,0
DA:287,0
DA:290,0
DA:291,0
DA:294,0
DA:295,0
DA:298,0
DA:299,0
DA:301,0
DA:304,0
DA:327,0
DA:328,0
DA:336,0
DA:337,0
DA:338,0
DA:340,0
DA:349,0
DA:350,0
DA:357,0
DA:370,0
DA:387,0
DA:403,0
DA:404,0
DA:412,0
DA:413,0
DA:414,0
DA:415,0
DA:417,0
DA:418,0
DA:424,0
DA:427,0
DA:428,0
DA:429,0
DA:436,0
DA:437,0
DA:438,0
DA:439,0
DA:441,0
DA:442,0
DA:446,0
DA:447,0
DA:454,0
DA:456,0
DA:461,0
DA:462,0
DA:464,0
DA:465,0
DA:468,0
DA:473,0
DA:474,0
DA:481,0
DA:483,0
DA:491,0
DA:496,0
DA:498,0
DA:508,0
DA:510,0
DA:530,0
DA:531,0
DA:539,0
DA:540,0
DA:541,0
DA:542,0
DA:544,0
DA:545,0
DA:551,0
DA:554,0
DA:555,0
DA:556,0
DA:562,0
DA:568,0
DA:569,0
DA:571,0
DA:572,0
DA:581,0
DA:582,0
DA:584,0
DA:586,0
DA:587,0
DA:591,0
DA:592,0
DA:593,0
DA:598,0
DA:606,0
DA:607,0
DA:611,0
DA:620,0
DA:625,0
DA:636,0
DA:637,0
DA:645,0
DA:646,0
DA:647,0
DA:648,0
DA:650,0
DA:651,0
DA:652,0
DA:659,0
DA:660,0
DA:666,0
DA:669,0
DA:670,0
DA:674,0
DA:679,0
DA:683,0
DA:685,0
DA:694,0
DA:695,0
DA:703,0
DA:704,0
DA:705,0
DA:706,0
DA:707,0
DA:713,0
DA:716,0
DA:718,0
DA:720,0
DA:721,0
DA:722,0
DA:724,0
DA:737,0
DA:740,0
DA:747,0
DA:748,0
DA:751,0
DA:756,0
DA:760,0
DA:775,0
DA:776,0
DA:783,0
LF:209
LH:0
BRDA:51,0,0,0
BRDA:51,0,1,0
BRDA:59,1,0,0
BRDA:59,1,1,0
BRDA:59,2,0,0
BRDA:59,2,1,0
BRDA:71,3,0,0
BRDA:71,3,1,0
BRDA:93,4,0,0
BRDA:93,4,1,0
BRDA:113,5,0,0
BRDA:113,5,1,0
BRDA:139,6,0,0
BRDA:139,6,1,0
BRDA:146,7,0,0
BRDA:146,7,1,0
BRDA:151,8,0,0
BRDA:151,8,1,0
BRDA:156,9,0,0
BRDA:156,9,1,0
BRDA:166,10,0,0
BRDA:166,10,1,0
BRDA:171,11,0,0
BRDA:171,11,1,0
BRDA:196,12,0,0
BRDA:196,12,1,0
BRDA:213,13,0,0
BRDA:213,13,1,0
BRDA:214,14,0,0
BRDA:214,14,1,0
BRDA:215,15,0,0
BRDA:215,15,1,0
BRDA:216,16,0,0
BRDA:216,16,1,0
BRDA:217,17,0,0
BRDA:217,17,1,0
BRDA:261,18,0,0
BRDA:261,18,1,0
BRDA:272,19,0,0
BRDA:273,20,0,0
BRDA:274,21,0,0
BRDA:286,22,0,0
BRDA:286,22,1,0
BRDA:286,23,0,0
BRDA:286,23,1,0
BRDA:290,24,0,0
BRDA:290,24,1,0
BRDA:294,25,0,0
BRDA:294,25,1,0
BRDA:349,26,0,0
BRDA:349,26,1,0
BRDA:417,27,0,0
BRDA:417,27,1,0
BRDA:428,28,0,0
BRDA:428,28,1,0
BRDA:437,29,0,0
BRDA:437,29,1,0
BRDA:438,30,0,0
BRDA:438,30,1,0
BRDA:441,31,0,0
BRDA:441,31,1,0
BRDA:446,32,0,0
BRDA:446,32,1,0
BRDA:446,33,0,0
BRDA:446,33,1,0
BRDA:454,34,0,0
BRDA:454,34,1,0
BRDA:454,35,0,0
BRDA:454,35,1,0
BRDA:473,36,0,0
BRDA:473,36,1,0
BRDA:544,37,0,0
BRDA:544,37,1,0
BRDA:551,38,0,0
BRDA:555,39,0,0
BRDA:555,39,1,0
BRDA:568,40,0,0
BRDA:568,40,1,0
BRDA:571,41,0,0
BRDA:571,41,1,0
BRDA:571,42,0,0
BRDA:571,42,1,0
BRDA:586,43,0,0
BRDA:586,43,1,0
BRDA:591,44,0,0
BRDA:591,44,1,0
BRDA:648,45,0,0
BRDA:651,46,0,0
BRDA:651,46,1,0
BRDA:659,47,0,0
BRDA:659,47,1,0
BRDA:659,48,0,0
BRDA:659,48,1,0
BRDA:669,49,0,0
BRDA:669,49,1,0
BRDA:669,50,0,0
BRDA:669,50,1,0
BRDA:706,51,0,0
BRDA:706,51,1,0
BRF:99
BRH:0
end_of_record
TN:
SF:src/routes/games.js
FN:49,(anonymous_0)
FN:99,(anonymous_1)
FN:170,(anonymous_2)
FN:194,(anonymous_3)
FN:253,(anonymous_4)
FN:277,(anonymous_5)
FN:303,(anonymous_6)
FNF:7
FNH:0
FNDA:0,(anonymous_0)
FNDA:0,(anonymous_1)
FNDA:0,(anonymous_2)
FNDA:0,(anonymous_3)
FNDA:0,(anonymous_4)
FNDA:0,(anonymous_5)
FNDA:0,(anonymous_6)
DA:1,0
DA:2,0
DA:3,0
DA:4,0
DA:5,0
DA:7,0
DA:14,0
DA:31,0
DA:49,0
DA:50,0
DA:51,0
DA:53,0
DA:69,0
DA:70,0
DA:73,0
DA:74,0
DA:77,0
DA:78,0
DA:81,0
DA:82,0
DA:85,0
DA:86,0
DA:89,0
DA:90,0
DA:93,0
DA:94,0
DA:96,0
DA:99,0
DA:101,0
DA:108,0
DA:114,0
DA:120,0
DA:156,0
DA:164,0
DA:165,0
DA:170,0
DA:171,0
DA:172,0
DA:174,0
DA:175,0
DA:178,0
DA:184,0
DA:186,0
DA:188,0
DA:189,0
DA:194,0
DA:195,0
DA:196,0
DA:197,0
DA:198,0
DA:202,0
DA:219,0
DA:222,0
DA:245,0
DA:247,0
DA:248,0
DA:253,0
DA:254,0
DA:255,0
DA:256,0
DA:257,0
DA:260,0
DA:265,0
DA:266,0
DA:269,0
DA:271,0
DA:272,0
DA:277,0
DA:278,0
DA:279,0
DA:280,0
DA:282,0
DA:283,0
DA:286,0
DA:291,0
DA:292,0
DA:295,0
DA:297,0
DA:298,0
DA:303,0
DA:304,0
DA:305,0
DA:307,0
DA:308,0
DA:311,0
DA:313,0
DA:314,0
DA:318,0
LF:88
LH:0
BRDA:51,0,0,0
BRDA:51,1,0,0
BRDA:69,2,0,0
BRDA:69,2,1,0
BRDA:73,3,0,0
BRDA:73,3,1,0
BRDA:77,4,0,0
BRDA:77,4,1,0
BRDA:81,5,0,0
BRDA:81,5,1,0
BRDA:85,6,0,0
BRDA:85,6,1,0
BRDA:89,7,0,0
BRDA:89,7,1,0
BRDA:122,8,0,0
BRDA:122,8,1,0
BRDA:129,9,0,0
BRDA:129,9,1,0
BRDA:174,10,0,0
BRDA:174,10,1,0
BRDA:197,11,0,0
BRDA:197,11,1,0
BRDA:256,12,0,0
BRDA:256,12,1,0
BRDA:265,13,0,0
BRDA:265,13,1,0
BRDA:282,14,0,0
BRDA:282,14,1,0
BRDA:291,15,0,0
BRDA:291,15,1,0
BRDA:307,16,0,0
BRDA:307,16,1,0
BRF:32
BRH:0
end_of_record
TN:
SF:src/routes/historic-patterns.js
FN:23,(anonymous_0)
FN:76,(anonymous_1)
FN:77,(anonymous_2)
FN:79,(anonymous_3)
FN:96,(anonymous_4)
FN:104,(anonymous_5)
FN:153,(anonymous_6)
FN:159,(anonymous_7)
FN:167,(anonymous_8)
FN:212,(anonymous_9)
FN:255,(anonymous_10)
FN:283,(anonymous_11)
FN:332,(anonymous_12)
FN:332,(anonymous_13)
FN:374,(anonymous_14)
FN:394,(anonymous_15)
FN:436,(anonymous_16)
FN:461,(anonymous_17)
FN:462,(anonymous_18)
FN:466,(anonymous_19)
FN:493,(anonymous_20)
FN:556,(anonymous_21)
FNF:22
FNH:0
FNDA:0,(anonymous_0)
FNDA:0,(anonymous_1)
FNDA:0,(anonymous_2)
FNDA:0,(anonymous_3)
FNDA:0,(anonymous_4)
FNDA:0,(anonymous_5)
FNDA:0,(anonymous_6)
FNDA:0,(anonymous_7)
FNDA:0,(anonymous_8)
FNDA:0,(anonymous_9)
FNDA:0,(anonymous_10)
FNDA:0,(anonymous_11)
FNDA:0,(anonymous_12)
FNDA:0,(anonymous_13)
FNDA:0,(anonymous_14)
FNDA:0,(anonymous_15)
FNDA:0,(anonymous_16)
FNDA:0,(anonymous_17)
FNDA:0,(anonymous_18)
FNDA:0,(anonymous_19)
FNDA:0,(anonymous_20)
FNDA:0,(anonymous_21)
DA:1,0
DA:2,0
DA:3,0
DA:4,0
DA:5,0
DA:8,0
DA:14,0
DA:25,0
DA:40,0
DA:43,0
DA:44,0
DA:45,0
DA:47,0
DA:49,0
DA:50,0
DA:64,0
DA:65,0
DA:67,0
DA:68,0
DA:69,0
DA:70,0
DA:75,0
DA:76,0
DA:78,0
DA:79,0
DA:81,0
DA:91,0
DA:93,0
DA:97,0
DA:99,0
DA:100,0
DA:101,0
DA:106,0
DA:110,0
DA:111,0
DA:121,0
DA:137,0
DA:138,0
DA:145,0
DA:154,0
DA:159,0
DA:160,0
DA:161,0
DA:163,0
DA:168,0
DA:170,0
DA:172,0
DA:177,0
DA:178,0
DA:183,0
DA:187,0
DA:197,0
DA:198,0
DA:207,0
DA:212,0
DA:213,0
DA:221,0
DA:224,0
DA:228,0
DA:231,0
DA:232,0
DA:235,0
DA:241,0
DA:242,0
DA:245,0
DA:246,0
DA:249,0
DA:250,0
DA:252,0
DA:255,0
DA:274,0
DA:275,0
DA:283,0
DA:284,0
DA:285,0
DA:286,0
DA:287,0
DA:293,0
DA:296,0
DA:301,0
DA:302,0
DA:309,0
DA:311,0
DA:312,0
DA:319,0
DA:321,0
DA:322,0
DA:330,0
DA:332,0
DA:334,0
DA:335,0
DA:337,0
DA:339,0
DA:340,0
DA:344,0
DA:345,0
DA:346,0
DA:351,0
DA:359,0
DA:360,0
DA:364,0
DA:369,0
DA:374,0
DA:385,0
DA:386,0
DA:394,0
DA:395,0
DA:396,0
DA:397,0
DA:398,0
DA:404,0
DA:406,0
DA:407,0
DA:414,0
DA:420,0
DA:421,0
DA:424,0
DA:435,0
DA:436,0
DA:437,0
DA:438,0
DA:439,0
DA:441,0
DA:442,0
DA:453,0
DA:454,0
DA:455,0
DA:460,0
DA:461,0
DA:462,0
DA:466,0
DA:469,0
DA:478,0
DA:484,0
DA:485,0
DA:493,0
DA:494,0
DA:495,0
DA:497,0
DA:501,0
DA:502,0
DA:509,0
DA:526,0
DA:547,0
DA:548,0
DA:556,0
DA:557,0
DA:558,0
DA:560,0
DA:564,0
DA:565,0
DA:571,0
DA:577,0
DA:578,0
DA:585,0
LF:155
LH:0
BRDA:49,0,0,0
BRDA:49,0,1,0
BRDA:67,1,0,0
BRDA:67,1,1,0
BRDA:69,2,0,0
BRDA:69,2,1,0
BRDA:99,3,0,0
BRDA:99,3,1,0
BRDA:100,4,0,0
BRDA:100,4,1,0
BRDA:137,5,0,0
BRDA:137,5,1,0
BRDA:163,6,0,0
BRDA:163,6,1,0
BRDA:177,7,0,0
BRDA:177,7,1,0
BRDA:197,8,0,0
BRDA:197,8,1,0
BRDA:216,9,0,0
BRDA:219,10,0,0
BRDA:220,11,0,0
BRDA:228,12,0,0
BRDA:228,12,1,0
BRDA:231,13,0,0
BRDA:231,13,1,0
BRDA:241,14,0,0
BRDA:241,14,1,0
BRDA:245,15,0,0
BRDA:245,15,1,0
BRDA:245,16,0,0
BRDA:245,16,1,0
BRDA:286,17,0,0
BRDA:286,17,1,0
BRDA:301,18,0,0
BRDA:301,18,1,0
BRDA:311,19,0,0
BRDA:311,19,1,0
BRDA:321,20,0,0
BRDA:321,20,1,0
BRDA:321,21,0,0
BRDA:321,21,1,0
BRDA:330,22,0,0
BRDA:330,22,1,0
BRDA:339,23,0,0
BRDA:339,23,1,0
BRDA:344,24,0,0
BRDA:344,24,1,0
BRDA:397,25,0,0
BRDA:397,25,1,0
BRDA:406,26,0,0
BRDA:406,26,1,0
BRDA:420,27,0,0
BRDA:420,27,1,0
BRDA:441,28,0,0
BRDA:441,28,1,0
BRDA:454,29,0,0
BRDA:454,29,1,0
BRDA:501,30,0,0
BRDA:501,30,1,0
BRDA:564,31,0,0
BRDA:564,31,1,0
BRF:61
BRH:0
end_of_record
TN:
SF:src/routes/invitations.js
FN:27,(anonymous_0)
FN:120,(anonymous_1)
FN:156,(anonymous_2)
FN:188,(anonymous_3)
FN:296,(anonymous_4)
FNF:5
FNH:0
FNDA:0,(anonymous_0)
FNDA:0,(anonymous_1)
FNDA:0,(anonymous_2)
FNDA:0,(anonymous_3)
FNDA:0,(anonymous_4)
DA:1,0
DA:2,0
DA:3,0
DA:4,0
DA:5,0
DA:6,0
DA:7,0
DA:9,0
DA:16,0
DA:27,0
DA:28,0
DA:29,0
DA:30,0
DA:32,0
DA:33,0
DA:34,0
DA:35,0
DA:38,0
DA:39,0
DA:42,0
DA:43,0
DA:44,0
DA:45,0
DA:46,0
DA:48,0
DA:51,0
DA:57,0
DA:58,0
DA:62,0
DA:63,0
DA:66,0
DA:67,0
DA:70,0
DA:81,0
DA:84,0
DA:85,0
DA:93,0
DA:95,0
DA:99,0
DA:114,0
DA:115,0
DA:120,0
DA:121,0
DA:122,0
DA:124,0
DA:132,0
DA:133,0
DA:135,0
DA:136,0
DA:137,0
DA:138,0
DA:142,0
DA:143,0
DA:145,0
DA:150,0
DA:151,0
DA:156,0
DA:157,0
DA:158,0
DA:160,0
DA:166,0
DA:167,0
DA:170,0
DA:182,0
DA:183,0
DA:188,0
DA:189,0
DA:190,0
DA:191,0
DA:192,0
DA:193,0
DA:196,0
DA:199,0
DA:205,0
DA:206,0
DA:210,0
DA:211,0
DA:212,0
DA:215,0
DA:216,0
DA:217,0
DA:218,0
DA:220,0
DA:222,0
DA:224,0
DA:230,0
DA:237,0
DA:238,0
DA:250,0
DA:254,0
DA:261,0
DA:264,0
DA:274,0
DA:282,0
DA:283,0
DA:286,0
DA:287,0
DA:288,0
DA:290,0
DA:296,0
DA:297,0
DA:298,0
DA:300,0
DA:301,0
DA:302,0
DA:305,0
DA:306,0
DA:309,0
DA:311,0
DA:316,0
DA:317,0
DA:321,0
LF:112
LH:0
BRDA:33,0,0,0
BRDA:33,0,1,0
BRDA:44,1,0,0
BRDA:44,1,1,0
BRDA:57,2,0,0
BRDA:57,2,1,0
BRDA:63,3,0,0
BRDA:63,3,1,0
BRDA:81,4,0,0
BRDA:81,4,1,0
BRDA:122,5,0,0
BRDA:122,6,0,0
BRDA:122,7,0,0
BRDA:132,8,0,0
BRDA:132,8,1,0
BRDA:135,9,0,0
BRDA:135,9,1,0
BRDA:137,10,0,0
BRDA:137,10,1,0
BRDA:166,11,0,0
BRDA:166,11,1,0
BRDA:192,12,0,0
BRDA:192,12,1,0
BRDA:205,13,0,0
BRDA:205,13,1,0
BRDA:211,14,0,0
BRDA:211,14,1,0
BRDA:237,15,0,0
BRDA:237,15,1,0
BRDA:242,16,0,0
BRDA:242,16,1,0
BRDA:243,17,0,0
BRDA:243,17,1,0
BRDA:244,18,0,0
BRDA:244,18,1,0
BRDA:245,19,0,0
BRDA:245,19,1,0
BRDA:246,20,0,0
BRDA:246,20,1,0
BRDA:271,21,0,0
BRDA:271,21,1,0
BRDA:287,22,0,0
BRDA:287,22,1,0
BRDA:301,23,0,0
BRDA:301,23,1,0
BRDA:305,24,0,0
BRDA:305,24,1,0
BRF:47
BRH:0
end_of_record
TN:
SF:src/routes/leagues.js
FN:26,(anonymous_0)
FN:75,(anonymous_1)
FN:95,(anonymous_2)
FN:126,(anonymous_3)
FN:137,(anonymous_4)
FN:175,(anonymous_5)
FN:240,(anonymous_6)
FN:268,(anonymous_7)
FN:302,(anonymous_8)
FN:314,(anonymous_9)
FN:315,(anonymous_10)
FN:316,(anonymous_11)
FN:317,(anonymous_12)
FN:318,(anonymous_13)
FN:319,(anonymous_14)
FNF:15
FNH:0
FNDA:0,(anonymous_0)
FNDA:0,(anonymous_1)
FNDA:0,(anonymous_2)
FNDA:0,(anonymous_3)
FNDA:0,(anonymous_4)
FNDA:0,(anonymous_5)
FNDA:0,(anonymous_6)
FNDA:0,(anonymous_7)
FNDA:0,(anonymous_8)
FNDA:0,(anonymous_9)
FNDA:0,(anonymous_10)
FNDA:0,(anonymous_11)
FNDA:0,(anonymous_12)
FNDA:0,(anonymous_13)
FNDA:0,(anonymous_14)
DA:1,0
DA:2,0
DA:3,0
DA:4,0
DA:5,0
DA:7,0
DA:16,0
DA:26,0
DA:27,0
DA:37,0
DA:39,0
DA:51,0
DA:52,0
DA:53,0
DA:54,0
DA:55,0
DA:56,0
DA:58,0
DA:59,0
DA:62,0
DA:63,0
DA:64,0
DA:65,0
DA:66,0
DA:67,0
DA:68,0
DA:70,0
DA:72,0
DA:75,0
DA:89,0
DA:90,0
DA:95,0
DA:96,0
DA:97,0
DA:98,0
DA:99,0
DA:102,0
DA:106,0
DA:117,0
DA:126,0
DA:131,0
DA:132,0
DA:137,0
DA:138,0
DA:139,0
DA:140,0
DA:141,0
DA:145,0
DA:155,0
DA:156,0
DA:161,0
DA:163,0
DA:169,0
DA:170,0
DA:175,0
DA:176,0
DA:177,0
DA:178,0
DA:179,0
DA:182,0
DA:183,0
DA:184,0
DA:187,0
DA:188,0
DA:189,0
DA:190,0
DA:200,0
DA:204,0
DA:205,0
DA:207,0
DA:214,0
DA:215,0
DA:216,0
DA:217,0
DA:220,0
DA:234,0
DA:235,0
DA:240,0
DA:241,0
DA:242,0
DA:243,0
DA:244,0
DA:247,0
DA:252,0
DA:253,0
DA:256,0
DA:262,0
DA:263,0
DA:268,0
DA:269,0
DA:270,0
DA:271,0
DA:272,0
DA:276,0
DA:277,0
DA:279,0
DA:280,0
DA:289,0
DA:291,0
DA:296,0
DA:297,0
DA:302,0
DA:303,0
DA:304,0
DA:305,0
DA:306,0
DA:307,0
DA:308,0
DA:309,0
DA:311,0
DA:314,0
DA:315,0
DA:316,0
DA:317,0
DA:318,0
DA:319,0
DA:323,0
DA:324,0
DA:328,0
LF:119
LH:0
BRDA:35,0,0,0
BRDA:36,1,0,0
BRDA:51,2,0,0
BRDA:51,2,1,0
BRDA:52,3,0,0
BRDA:52,3,1,0
BRDA:53,4,0,0
BRDA:53,4,1,0
BRDA:54,5,0,0
BRDA:54,5,1,0
BRDA:55,6,0,0
BRDA:55,6,1,0
BRDA:56,7,0,0
BRDA:56,7,1,0
BRDA:63,8,0,0
BRDA:63,8,1,0
BRDA:64,9,0,0
BRDA:64,9,1,0
BRDA:65,10,0,0
BRDA:65,10,1,0
BRDA:66,11,0,0
BRDA:66,11,1,0
BRDA:67,12,0,0
BRDA:67,12,1,0
BRDA:68,13,0,0
BRDA:68,13,1,0
BRDA:77,14,0,0
BRDA:77,14,1,0
BRDA:78,15,0,0
BRDA:78,15,1,0
BRDA:98,16,0,0
BRDA:98,16,1,0
BRDA:140,17,0,0
BRDA:140,17,1,0
BRDA:155,18,0,0
BRDA:155,18,1,0
BRDA:178,19,0,0
BRDA:178,19,1,0
BRDA:204,20,0,0
BRDA:204,20,1,0
BRDA:215,21,0,0
BRDA:215,21,1,0
BRDA:243,22,0,0
BRDA:243,22,1,0
BRDA:252,23,0,0
BRDA:252,23,1,0
BRDA:271,24,0,0
BRDA:271,24,1,0
BRDA:279,25,0,0
BRDA:279,25,1,0
BRDA:279,26,0,0
BRDA:279,26,1,0
BRF:52
BRH:0
end_of_record
TN:
SF:src/routes/organization.js
FN:8,(anonymous_0)
FN:46,(anonymous_1)
FNF:2
FNH:0
FNDA:0,(anonymous_0)
FNDA:0,(anonymous_1)
DA:1,0
DA:2,0
DA:3,0
DA:4,0
DA:5,0
DA:8,0
DA:9,0
DA:10,0
DA:15,0
DA:17,0
DA:26,0
DA:32,0
DA:37,0
DA:38,0
DA:46,0
DA:47,0
DA:48,0
DA:51,0
DA:52,0
DA:58,0
DA:59,0
DA:65,0
DA:66,0
DA:72,0
DA:73,0
DA:80,0
DA:86,0
DA:88,0
DA:98,0
DA:111,0
DA:113,0
DA:119,0
DA:120,0
DA:127,0
LF:34
LH:0
BRDA:15,0,0,0
BRDA:15,0,1,0
BRDA:51,1,0,0
BRDA:51,1,1,0
BRDA:51,2,0,0
BRDA:51,2,1,0
BRDA:58,3,0,0
BRDA:58,3,1,0
BRDA:65,4,0,0
BRDA:65,4,1,0
BRDA:65,5,0,0
BRDA:65,5,1,0
BRDA:72,6,0,0
BRDA:72,6,1,0
BRDA:72,7,0,0
BRDA:72,7,1,0
BRDA:72,7,2,0
BRDA:86,8,0,0
BRDA:86,8,1,0
BRDA:92,9,0,0
BRDA:92,9,1,0
BRDA:93,10,0,0
BRDA:93,10,1,0
BRDA:103,11,0,0
BRDA:103,11,1,0
BRDA:104,12,0,0
BRDA:104,12,1,0
BRF:27
BRH:0
end_of_record
TN:
SF:src/routes/posts.js
FN:12,(anonymous_0)
FN:21,(anonymous_1)
FN:32,(anonymous_2)
FN:67,(anonymous_3)
FN:110,(anonymous_4)
FN:121,(anonymous_5)
FN:177,(anonymous_6)
FN:197,(anonymous_7)
FN:259,(anonymous_8)
FN:295,(anonymous_9)
FN:347,(anonymous_10)
FN:372,(anonymous_11)
FN:415,(anonymous_12)
FNF:13
FNH:0
FNDA:0,(anonymous_0)
FNDA:0,(anonymous_1)
FNDA:0,(anonymous_2)
FNDA:0,(anonymous_3)
FNDA:0,(anonymous_4)
FNDA:0,(anonymous_5)
FNDA:0,(anonymous_6)
FNDA:0,(anonymous_7)
FNDA:0,(anonymous_8)
FNDA:0,(anonymous_9)
FNDA:0,(anonymous_10)
FNDA:0,(anonymous_11)
FNDA:0,(anonymous_12)
DA:1,0
DA:2,0
DA:3,0
DA:4,0
DA:5,0
DA:6,0
DA:7,0
DA:8,0
DA:11,0
DA:13,0
DA:14,0
DA:15,0
DA:16,0
DA:18,0
DA:22,0
DA:23,0
DA:27,0
DA:33,0
DA:34,0
DA:35,0
DA:37,0
DA:38,0
DA:40,0
DA:46,0
DA:56,0
DA:67,0
DA:68,0
DA:77,0
DA:79,0
DA:93,0
DA:94,0
DA:97,0
DA:98,0
DA:101,0
DA:102,0
DA:105,0
DA:106,0
DA:109,0
DA:110,0
DA:111,0
DA:117,0
DA:118,0
DA:121,0
DA:122,0
DA:123,0
DA:125,0
DA:127,0
DA:130,0
DA:133,0
DA:134,0
DA:138,0
DA:143,0
DA:147,0
DA:156,0
DA:168,0
DA:169,0
DA:177,0
DA:178,0
DA:179,0
DA:183,0
DA:188,0
DA:189,0
DA:197,0
DA:198,0
DA:199,0
DA:213,0
DA:214,0
DA:221,0
DA:222,0
DA:229,0
DA:234,0
DA:235,0
DA:241,0
DA:250,0
DA:251,0
DA:259,0
DA:260,0
DA:261,0
DA:262,0
DA:263,0
DA:269,0
DA:276,0
DA:278,0
DA:286,0
DA:287,0
DA:295,0
DA:296,0
DA:297,0
DA:298,0
DA:299,0
DA:305,0
DA:310,0
DA:311,0
DA:314,0
DA:315,0
DA:318,0
DA:323,0
DA:324,0
DA:330,0
DA:338,0
DA:339,0
DA:347,0
DA:348,0
DA:349,0
DA:351,0
DA:352,0
DA:358,0
DA:363,0
DA:364,0
DA:372,0
DA:373,0
DA:374,0
DA:375,0
DA:381,0
DA:382,0
DA:383,0
DA:389,0
DA:399,0
DA:401,0
DA:406,0
DA:407,0
DA:415,0
DA:416,0
DA:417,0
DA:423,0
DA:428,0
DA:429,0
DA:436,0
LF:128
LH:0
BRDA:37,0,0,0
BRDA:37,0,1,0
BRDA:37,1,0,0
BRDA:37,1,1,0
BRDA:74,2,0,0
BRDA:75,3,0,0
BRDA:76,4,0,0
BRDA:93,5,0,0
BRDA:93,5,1,0
BRDA:93,6,0,0
BRDA:93,6,1,0
BRDA:93,6,2,0
BRDA:97,7,0,0
BRDA:97,7,1,0
BRDA:101,8,0,0
BRDA:101,8,1,0
BRDA:105,9,0,0
BRDA:105,9,1,0
BRDA:109,10,0,0
BRDA:109,10,1,0
BRDA:125,11,0,0
BRDA:125,11,1,0
BRDA:133,12,0,0
BRDA:133,12,1,0
BRDA:152,13,0,0
BRDA:152,13,1,0
BRDA:213,14,0,0
BRDA:213,14,1,0
BRDA:221,15,0,0
BRDA:221,15,1,0
BRDA:221,16,0,0
BRDA:221,16,1,0
BRDA:221,16,2,0
BRDA:234,17,0,0
BRDA:234,17,1,0
BRDA:246,18,0,0
BRDA:246,18,1,0
BRDA:262,19,0,0
BRDA:262,19,1,0
BRDA:273,20,0,0
BRDA:273,20,1,0
BRDA:282,21,0,0
BRDA:282,21,1,0
BRDA:282,22,0,0
BRDA:282,22,1,0
BRDA:298,23,0,0
BRDA:298,23,1,0
BRDA:310,24,0,0
BRDA:310,24,1,0
BRDA:314,25,0,0
BRDA:314,25,1,0
BRDA:314,26,0,0
BRDA:314,26,1,0
BRDA:323,27,0,0
BRDA:323,27,1,0
BRDA:334,28,0,0
BRDA:334,28,1,0
BRDA:334,29,0,0
BRDA:334,29,1,0
BRDA:351,30,0,0
BRDA:351,30,1,0
BRDA:374,31,0,0
BRDA:374,31,1,0
BRDA:382,32,0,0
BRDA:382,32,1,0
BRDA:395,33,0,0
BRDA:395,33,1,0
BRDA:396,34,0,0
BRDA:396,34,1,0
BRF:69
BRH:0
end_of_record
TN:
SF:src/routes/referee-levels.js
FN:17,(anonymous_0)
FN:28,(anonymous_1)
FN:67,(anonymous_2)
FNF:3
FNH:0
FNDA:0,(anonymous_0)
FNDA:0,(anonymous_1)
FNDA:0,(anonymous_2)
DA:1,0
DA:2,0
DA:3,0
DA:4,0
DA:5,0
DA:7,0
DA:17,0
DA:18,0
DA:19,0
DA:20,0
DA:22,0
DA:23,0
DA:28,0
DA:29,0
DA:30,0
DA:33,0
DA:34,0
DA:35,0
DA:39,0
DA:51,0
DA:52,0
DA:55,0
DA:61,0
DA:62,0
DA:67,0
DA:68,0
DA:69,0
DA:72,0
DA:73,0
DA:74,0
DA:78,0
DA:88,0
DA:89,0
DA:92,0
DA:93,0
DA:96,0
DA:97,0
DA:98,0
DA:99,0
DA:100,0
DA:103,0
DA:106,0
DA:117,0
DA:118,0
DA:122,0
LF:45
LH:0
BRDA:34,0,0,0
BRDA:34,0,1,0
BRDA:44,1,0,0
BRDA:44,1,1,0
BRDA:51,2,0,0
BRDA:51,2,1,0
BRDA:73,3,0,0
BRDA:73,3,1,0
BRDA:88,4,0,0
BRDA:88,4,1,0
BRDA:96,5,0,0
BRDA:96,5,1,0
BRDA:98,6,0,0
BRDA:98,6,1,0
BRDA:113,7,0,0
BRDA:113,7,1,0
BRF:16
BRH:0
end_of_record
TN:
SF:src/routes/referees.js
FN:42,(anonymous_0)
FN:81,(anonymous_1)
FN:107,(anonymous_2)
FN:129,(anonymous_3)
FN:173,(anonymous_4)
FN:198,(anonymous_5)
FN:209,(anonymous_6)
FN:224,(anonymous_7)
FNF:8
FNH:0
FNDA:0,(anonymous_0)
FNDA:0,(anonymous_1)
FNDA:0,(anonymous_2)
FNDA:0,(anonymous_3)
FNDA:0,(anonymous_4)
FNDA:0,(anonymous_5)
FNDA:0,(anonymous_6)
FNDA:0,(anonymous_7)
DA:1,0
DA:2,0
DA:3,0
DA:4,0
DA:5,0
DA:7,0
DA:18,0
DA:29,0
DA:42,0
DA:43,0
DA:44,0
DA:46,0
DA:50,0
DA:51,0
DA:54,0
DA:55,0
DA:58,0
DA:59,0
DA:62,0
DA:63,0
DA:65,0
DA:67,0
DA:75,0
DA:76,0
DA:81,0
DA:82,0
DA:83,0
DA:85,0
DA:86,0
DA:90,0
DA:97,0
DA:99,0
DA:101,0
DA:102,0
DA:107,0
DA:108,0
DA:109,0
DA:110,0
DA:111,0
DA:115,0
DA:116,0
DA:117,0
DA:120,0
DA:121,0
DA:123,0
DA:124,0
DA:129,0
DA:130,0
DA:132,0
DA:133,0
DA:135,0
DA:136,0
DA:140,0
DA:141,0
DA:142,0
DA:143,0
DA:147,0
DA:152,0
DA:153,0
DA:156,0
DA:161,0
DA:162,0
DA:165,0
DA:167,0
DA:168,0
DA:173,0
DA:174,0
DA:175,0
DA:177,0
DA:178,0
DA:181,0
DA:186,0
DA:187,0
DA:190,0
DA:192,0
DA:193,0
DA:198,0
DA:199,0
DA:200,0
DA:201,0
DA:202,0
DA:206,0
DA:210,0
DA:216,0
DA:218,0
DA:219,0
DA:224,0
DA:225,0
DA:226,0
DA:228,0
DA:229,0
DA:232,0
DA:234,0
DA:235,0
DA:239,0
LF:95
LH:0
BRDA:44,0,0,0
BRDA:44,1,0,0
BRDA:50,2,0,0
BRDA:50,2,1,0
BRDA:54,3,0,0
BRDA:54,3,1,0
BRDA:58,4,0,0
BRDA:58,4,1,0
BRDA:85,5,0,0
BRDA:85,5,1,0
BRDA:110,6,0,0
BRDA:110,6,1,0
BRDA:116,7,0,0
BRDA:116,7,1,0
BRDA:133,8,0,0
BRDA:133,8,1,0
BRDA:135,9,0,0
BRDA:135,9,1,0
BRDA:135,10,0,0
BRDA:135,10,1,0
BRDA:140,11,0,0
BRDA:140,11,1,0
BRDA:142,12,0,0
BRDA:142,12,1,0
BRDA:152,13,0,0
BRDA:152,13,1,0
BRDA:161,14,0,0
BRDA:161,14,1,0
BRDA:177,15,0,0
BRDA:177,15,1,0
BRDA:186,16,0,0
BRDA:186,16,1,0
BRDA:201,17,0,0
BRDA:201,17,1,0
BRDA:228,18,0,0
BRDA:228,18,1,0
BRF:36
BRH:0
end_of_record
TN:
SF:src/routes/roles.js
FN:13,(anonymous_0)
FN:46,(anonymous_1)
FN:58,(anonymous_2)
FN:102,(anonymous_3)
FNF:4
FNH:0
FNDA:0,(anonymous_0)
FNDA:0,(anonymous_1)
FNDA:0,(anonymous_2)
FNDA:0,(anonymous_3)
DA:1,0
DA:2,0
DA:3,0
DA:4,0
DA:5,0
DA:8,0
DA:13,0
DA:14,0
DA:16,0
DA:35,0
DA:40,0
DA:41,0
DA:46,0
DA:47,0
DA:48,0
DA:49,0
DA:50,0
DA:53,0
DA:54,0
DA:57,0
DA:58,0
DA:60,0
DA:61,0
DA:67,0
DA:68,0
DA:69,0
DA:73,0
DA:81,0
DA:87,0
DA:89,0
DA:96,0
DA:97,0
DA:102,0
DA:103,0
DA:104,0
DA:106,0
DA:111,0
DA:112,0
DA:116,0
DA:118,0
DA:124,0
DA:125,0
DA:129,0
LF:43
LH:0
BRDA:49,0,0,0
BRDA:49,0,1,0
BRDA:60,1,0,0
BRDA:60,1,1,0
BRDA:68,2,0,0
BRDA:68,2,1,0
BRDA:87,3,0,0
BRDA:87,3,1,0
BRDA:111,4,0,0
BRDA:111,4,1,0
BRDA:116,5,0,0
BRDA:116,5,1,0
BRF:12
BRH:0
end_of_record
TN:
SF:src/routes/self-assignment.js
FN:8,(anonymous_0)
FN:158,(anonymous_1)
FN:206,(anonymous_2)
FN:212,(anonymous_3)
FN:214,(anonymous_4)
FNF:5
FNH:0
FNDA:0,(anonymous_0)
FNDA:0,(anonymous_1)
FNDA:0,(anonymous_2)
FNDA:0,(anonymous_3)
FNDA:0,(anonymous_4)
DA:1,0
DA:2,0
DA:3,0
DA:4,0
DA:5,0
DA:8,0
DA:9,0
DA:10,0
DA:11,0
DA:14,0
DA:15,0
DA:16,0
DA:20,0
DA:30,0
DA:31,0
DA:35,0
DA:36,0
DA:40,0
DA:41,0
DA:45,0
DA:46,0
DA:51,0
DA:52,0
DA:53,0
DA:59,0
DA:60,0
DA:61,0
DA:65,0
DA:70,0
DA:71,0
DA:75,0
DA:80,0
DA:81,0
DA:85,0
DA:91,0
DA:92,0
DA:96,0
DA:104,0
DA:105,0
DA:109,0
DA:110,0
DA:113,0
DA:123,0
DA:126,0
DA:132,0
DA:133,0
DA:134,0
DA:135,0
DA:136,0
DA:139,0
DA:143,0
DA:152,0
DA:153,0
DA:158,0
DA:159,0
DA:160,0
DA:161,0
DA:162,0
DA:165,0
DA:175,0
DA:177,0
DA:178,0
DA:182,0
DA:183,0
DA:186,0
DA:187,0
DA:194,0
DA:197,0
DA:198,0
DA:199,0
DA:201,0
DA:207,0
DA:213,0
DA:215,0
DA:224,0
DA:226,0
DA:235,0
DA:236,0
DA:237,0
DA:241,0
LF:80
LH:0
BRDA:15,0,0,0
BRDA:15,0,1,0
BRDA:30,1,0,0
BRDA:30,1,1,0
BRDA:35,2,0,0
BRDA:35,2,1,0
BRDA:35,3,0,0
BRDA:35,3,1,0
BRDA:40,4,0,0
BRDA:40,4,1,0
BRDA:45,5,0,0
BRDA:45,5,1,0
BRDA:52,6,0,0
BRDA:52,6,1,0
BRDA:60,7,0,0
BRDA:60,7,1,0
BRDA:70,8,0,0
BRDA:70,8,1,0
BRDA:80,9,0,0
BRDA:80,9,1,0
BRDA:91,10,0,0
BRDA:91,10,1,0
BRDA:104,11,0,0
BRDA:104,11,1,0
BRDA:133,12,0,0
BRDA:133,12,1,0
BRDA:133,13,0,0
BRDA:133,13,1,0
BRDA:135,14,0,0
BRDA:135,14,1,0
BRDA:177,15,0,0
BRDA:177,15,1,0
BRDA:182,16,0,0
BRDA:182,16,1,0
BRDA:182,17,0,0
BRDA:182,17,1,0
BRDA:186,18,0,0
BRDA:186,18,1,0
BRF:38
BRH:0
end_of_record
TN:
SF:src/routes/teams.js
FN:38,(anonymous_0)
FN:98,(anonymous_1)
FN:117,(anonymous_2)
FN:161,(anonymous_3)
FN:162,(anonymous_4)
FN:163,(anonymous_5)
FN:174,(anonymous_6)
FN:213,(anonymous_7)
FN:281,(anonymous_8)
FN:357,(anonymous_9)
FN:400,(anonymous_10)
FN:436,(anonymous_11)
FN:458,(anonymous_12)
FNF:13
FNH:0
FNDA:0,(anonymous_0)
FNDA:0,(anonymous_1)
FNDA:0,(anonymous_2)
FNDA:0,(anonymous_3)
FNDA:0,(anonymous_4)
FNDA:0,(anonymous_5)
FNDA:0,(anonymous_6)
FNDA:0,(anonymous_7)
FNDA:0,(anonymous_8)
FNDA:0,(anonymous_9)
FNDA:0,(anonymous_10)
FNDA:0,(anonymous_11)
FNDA:0,(anonymous_12)
DA:1,0
DA:2,0
DA:3,0
DA:4,0
DA:5,0
DA:7,0
DA:16,0
DA:29,0
DA:38,0
DA:39,0
DA:49,0
DA:51,0
DA:71,0
DA:72,0
DA:73,0
DA:74,0
DA:75,0
DA:76,0
DA:78,0
DA:79,0
DA:82,0
DA:86,0
DA:87,0
DA:88,0
DA:89,0
DA:90,0
DA:91,0
DA:93,0
DA:95,0
DA:98,0
DA:111,0
DA:112,0
DA:117,0
DA:118,0
DA:119,0
DA:133,0
DA:134,0
DA:138,0
DA:154,0
DA:161,0
DA:162,0
DA:163,0
DA:168,0
DA:169,0
DA:174,0
DA:175,0
DA:176,0
DA:177,0
DA:178,0
DA:182,0
DA:183,0
DA:184,0
DA:188,0
DA:193,0
DA:194,0
DA:199,0
DA:201,0
DA:207,0
DA:208,0
DA:213,0
DA:214,0
DA:215,0
DA:216,0
DA:217,0
DA:220,0
DA:223,0
DA:224,0
DA:225,0
DA:229,0
DA:233,0
DA:234,0
DA:235,0
DA:237,0
DA:238,0
DA:239,0
DA:240,0
DA:242,0
DA:243,0
DA:244,0
DA:247,0
DA:248,0
DA:255,0
DA:256,0
DA:257,0
DA:258,0
DA:261,0
DA:275,0
DA:276,0
DA:281,0
DA:282,0
DA:283,0
DA:284,0
DA:285,0
DA:288,0
DA:291,0
DA:292,0
DA:293,0
DA:297,0
DA:301,0
DA:302,0
DA:303,0
DA:305,0
DA:306,0
DA:308,0
DA:309,0
DA:310,0
DA:313,0
DA:321,0
DA:325,0
DA:326,0
DA:327,0
DA:328,0
DA:331,0
DA:351,0
DA:352,0
DA:357,0
DA:358,0
DA:359,0
DA:360,0
DA:361,0
DA:365,0
DA:366,0
DA:372,0
DA:373,0
DA:379,0
DA:384,0
DA:385,0
DA:388,0
DA:394,0
DA:395,0
DA:400,0
DA:401,0
DA:402,0
DA:403,0
DA:404,0
DA:408,0
DA:414,0
DA:415,0
DA:423,0
DA:425,0
DA:430,0
DA:431,0
DA:436,0
DA:437,0
DA:438,0
DA:449,0
DA:450,0
DA:451,0
DA:454,0
DA:458,0
DA:465,0
DA:466,0
DA:470,0
LF:153
LH:0
BRDA:47,0,0,0
BRDA:48,1,0,0
BRDA:71,2,0,0
BRDA:71,2,1,0
BRDA:72,3,0,0
BRDA:72,3,1,0
BRDA:73,4,0,0
BRDA:73,4,1,0
BRDA:74,5,0,0
BRDA:74,5,1,0
BRDA:75,6,0,0
BRDA:75,6,1,0
BRDA:76,7,0,0
BRDA:76,7,1,0
BRDA:86,8,0,0
BRDA:86,8,1,0
BRDA:87,9,0,0
BRDA:87,9,1,0
BRDA:88,10,0,0
BRDA:88,10,1,0
BRDA:89,11,0,0
BRDA:89,11,1,0
BRDA:90,12,0,0
BRDA:90,12,1,0
BRDA:91,13,0,0
BRDA:91,13,1,0
BRDA:100,14,0,0
BRDA:100,14,1,0
BRDA:133,15,0,0
BRDA:133,15,1,0
BRDA:177,16,0,0
BRDA:177,16,1,0
BRDA:183,17,0,0
BRDA:183,17,1,0
BRDA:193,18,0,0
BRDA:193,18,1,0
BRDA:216,19,0,0
BRDA:216,19,1,0
BRDA:224,20,0,0
BRDA:224,20,1,0
BRDA:238,21,0,0
BRDA:238,21,1,0
BRDA:242,22,0,0
BRDA:242,22,1,0
BRDA:256,23,0,0
BRDA:256,23,1,0
BRDA:284,24,0,0
BRDA:284,24,1,0
BRDA:292,25,0,0
BRDA:292,25,1,0
BRDA:308,26,0,0
BRDA:308,26,1,0
BRDA:316,27,0,0
BRDA:316,27,1,0
BRDA:317,28,0,0
BRDA:317,28,1,0
BRDA:326,29,0,0
BRDA:326,29,1,0
BRDA:360,30,0,0
BRDA:360,30,1,0
BRDA:365,31,0,0
BRDA:365,31,1,0
BRDA:372,32,0,0
BRDA:372,32,1,0
BRDA:384,33,0,0
BRDA:384,33,1,0
BRDA:403,34,0,0
BRDA:403,34,1,0
BRDA:414,35,0,0
BRDA:414,35,1,0
BRDA:450,36,0,0
BRDA:450,36,1,0
BRDA:460,37,0,0
BRDA:460,37,1,0
BRF:74
BRH:0
end_of_record
TN:
SF:src/routes/tournaments.js
FN:49,(anonymous_0)
FN:133,(anonymous_1)
FN:151,(anonymous_2)
FN:172,(anonymous_3)
FN:239,(anonymous_4)
FN:294,(anonymous_5)
FN:383,getPayRateForLevel
FN:392,getRefereeCountForLevel
FNF:8
FNH:0
FNDA:0,(anonymous_0)
FNDA:0,(anonymous_1)
FNDA:0,(anonymous_2)
FNDA:0,(anonymous_3)
FNDA:0,(anonymous_4)
FNDA:0,(anonymous_5)
FNDA:0,getPayRateForLevel
FNDA:0,getRefereeCountForLevel
DA:1,0
DA:2,0
DA:3,0
DA:4,0
DA:5,0
DA:11,0
DA:13,0
DA:49,0
DA:50,0
DA:51,0
DA:52,0
DA:53,0
DA:70,0
DA:73,0
DA:74,0
DA:75,0
DA:79,0
DA:84,0
DA:85,0
DA:90,0
DA:91,0
DA:98,0
DA:107,0
DA:109,0
DA:110,0
DA:113,0
DA:114,0
DA:117,0
DA:118,0
DA:121,0
DA:126,0
DA:129,0
DA:133,0
DA:144,0
DA:151,0
DA:163,0
DA:164,0
DA:172,0
DA:173,0
DA:174,0
DA:176,0
DA:177,0
DA:180,0
DA:182,0
DA:183,0
DA:185,0
DA:187,0
DA:191,0
DA:194,0
DA:210,0
DA:211,0
DA:214,0
DA:216,0
DA:229,0
DA:230,0
DA:233,0
DA:234,0
DA:239,0
DA:240,0
DA:287,0
DA:294,0
DA:295,0
DA:303,0
DA:305,0
DA:306,0
DA:311,0
DA:312,0
DA:314,0
DA:316,0
DA:322,0
DA:325,0
DA:326,0
DA:333,0
DA:336,0
DA:337,0
DA:343,0
DA:346,0
DA:347,0
DA:348,0
DA:349,0
DA:350,0
DA:351,0
DA:353,0
DA:362,0
DA:365,0
DA:368,0
DA:377,0
DA:378,0
DA:384,0
DA:385,0
DA:386,0
DA:387,0
DA:388,0
DA:393,0
DA:394,0
DA:395,0
DA:396,0
DA:397,0
DA:401,0
LF:99
LH:0
BRDA:52,0,0,0
BRDA:52,0,1,0
BRDA:74,1,0,0
BRDA:74,1,1,0
BRDA:84,2,0,0
BRDA:84,2,1,0
BRDA:90,3,0,0
BRDA:90,3,1,0
BRDA:107,4,0,0
BRDA:107,4,1,0
BRDA:107,4,2,0
BRDA:107,4,3,0
BRDA:107,4,4,0
BRDA:176,5,0,0
BRDA:176,5,1,0
BRDA:176,6,0,0
BRDA:176,6,1,0
BRDA:176,6,2,0
BRDA:187,7,0,0
BRDA:187,7,1,0
BRDA:187,8,0,0
BRDA:187,8,1,0
BRDA:187,8,2,0
BRDA:187,8,3,0
BRDA:200,9,0,0
BRDA:200,9,1,0
BRDA:201,10,0,0
BRDA:201,10,1,0
BRDA:203,11,0,0
BRDA:203,11,1,0
BRDA:204,12,0,0
BRDA:204,12,1,0
BRDA:302,13,0,0
BRDA:305,14,0,0
BRDA:305,14,1,0
BRDA:305,15,0,0
BRDA:305,15,1,0
BRDA:314,16,0,0
BRDA:314,16,1,0
BRDA:314,16,2,0
BRDA:314,16,3,0
BRDA:314,16,4,0
BRDA:336,17,0,0
BRDA:336,17,1,0
BRDA:346,18,0,0
BRDA:346,18,1,0
BRDA:347,19,0,0
BRDA:347,19,1,0
BRDA:351,20,0,0
BRDA:351,20,1,0
BRDA:384,21,0,0
BRDA:384,21,1,0
BRDA:384,21,2,0
BRDA:384,21,3,0
BRDA:393,22,0,0
BRDA:393,22,1,0
BRDA:393,22,2,0
BRDA:393,22,3,0
BRF:58
BRH:0
end_of_record
TN:
SF:src/services/emailService.js
FN:12,(anonymous_0)
FN:187,(anonymous_1)
FNF:2
FNH:2
FNDA:9,(anonymous_0)
FNDA:1,(anonymous_1)
DA:1,1
DA:4,1
DA:5,1
DA:6,0
DA:8,1
DA:13,9
DA:15,9
DA:16,9
DA:17,9
DA:18,9
DA:19,9
DA:20,9
DA:21,9
DA:22,9
DA:26,0
DA:27,0
DA:28,0
DA:31,0
DA:33,0
DA:106,0
DA:121,0
DA:130,0
DA:131,0
DA:132,0
DA:133,0
DA:134,0
DA:135,0
DA:137,0
DA:145,0
DA:146,0
DA:156,0
DA:157,0
DA:160,0
DA:161,0
DA:162,0
DA:163,0
DA:164,0
DA:166,0
DA:175,0
DA:177,0
DA:188,1
DA:190,1
DA:191,1
DA:192,1
DA:193,1
DA:194,1
DA:195,1
DA:199,0
DA:200,0
DA:201,0
DA:204,0
DA:206,0
DA:271,0
DA:284,0
DA:293,0
DA:294,0
DA:295,0
DA:296,0
DA:297,0
DA:298,0
DA:300,0
DA:308,0
DA:309,0
DA:319,0
DA:320,0
DA:323,0
DA:324,0
DA:325,0
DA:326,0
DA:327,0
DA:329,0
DA:338,0
DA:340,0
DA:351,1
LF:74
LH:21
BRDA:5,0,0,0
BRDA:5,0,1,1
BRDA:15,1,0,9
BRDA:15,1,1,0
BRDA:26,2,0,0
BRDA:26,2,1,0
BRDA:122,3,0,0
BRDA:122,3,1,0
BRDA:130,4,0,0
BRDA:130,4,1,0
BRDA:131,5,0,0
BRDA:131,5,1,0
BRDA:131,5,2,0
BRDA:132,6,0,0
BRDA:132,6,1,0
BRDA:132,7,0,0
BRDA:132,7,1,0
BRDA:132,7,2,0
BRDA:160,8,0,0
BRDA:160,8,1,0
BRDA:160,8,2,0
BRDA:161,9,0,0
BRDA:161,9,1,0
BRDA:161,10,0,0
BRDA:161,10,1,0
BRDA:161,10,2,0
BRDA:190,11,0,1
BRDA:190,11,1,0
BRDA:199,12,0,0
BRDA:199,12,1,0
BRDA:285,13,0,0
BRDA:285,13,1,0
BRDA:293,14,0,0
BRDA:293,14,1,0
BRDA:294,15,0,0
BRDA:294,15,1,0
BRDA:294,15,2,0
BRDA:295,16,0,0
BRDA:295,16,1,0
BRDA:295,17,0,0
BRDA:295,17,1,0
BRDA:295,17,2,0
BRDA:323,18,0,0
BRDA:323,18,1,0
BRDA:323,18,2,0
BRDA:324,19,0,0
BRDA:324,19,1,0
BRDA:324,20,0,0
BRDA:324,20,1,0
BRDA:324,20,2,0
BRF:50
BRH:3
end_of_record
TN:
SF:src/services/emailService.simple.test.js
FN:17,(anonymous_0)
FN:18,(anonymous_1)
FN:28,(anonymous_2)
FN:31,(anonymous_3)
FN:47,(anonymous_4)
FN:48,(anonymous_5)
FN:68,(anonymous_6)
FN:89,(anonymous_7)
FN:102,(anonymous_8)
FN:116,(anonymous_9)
FN:130,(anonymous_10)
FN:137,(anonymous_11)
FN:155,(anonymous_12)
FN:170,(anonymous_13)
FN:171,(anonymous_14)
FN:183,(anonymous_15)
FN:195,(anonymous_16)
FN:208,(anonymous_17)
FN:209,(anonymous_18)
FN:227,(anonymous_19)
FNF:20
FNH:0
FNDA:0,(anonymous_0)
FNDA:0,(anonymous_1)
FNDA:0,(anonymous_2)
FNDA:0,(anonymous_3)
FNDA:0,(anonymous_4)
FNDA:0,(anonymous_5)
FNDA:0,(anonymous_6)
FNDA:0,(anonymous_7)
FNDA:0,(anonymous_8)
FNDA:0,(anonymous_9)
FNDA:0,(anonymous_10)
FNDA:0,(anonymous_11)
FNDA:0,(anonymous_12)
FNDA:0,(anonymous_13)
FNDA:0,(anonymous_14)
FNDA:0,(anonymous_15)
FNDA:0,(anonymous_16)
FNDA:0,(anonymous_17)
FNDA:0,(anonymous_18)
FNDA:0,(anonymous_19)
DA:14,0
DA:17,0
DA:18,0
DA:26,0
DA:28,0
DA:31,0
DA:33,0
DA:36,0
DA:39,0
DA:40,0
DA:43,0
DA:44,0
DA:47,0
DA:48,0
DA:50,0
DA:51,0
DA:54,0
DA:57,0
DA:58,0
DA:65,0
DA:68,0
DA:70,0
DA:73,0
DA:76,0
DA:79,0
DA:80,0
DA:81,0
DA:82,0
DA:83,0
DA:85,0
DA:86,0
DA:89,0
DA:91,0
DA:92,0
DA:95,0
DA:99,0
DA:102,0
DA:104,0
DA:105,0
DA:108,0
DA:111,0
DA:112,0
DA:113,0
DA:116,0
DA:118,0
DA:119,0
DA:122,0
DA:125,0
DA:126,0
DA:130,0
DA:131,0
DA:137,0
DA:139,0
DA:142,0
DA:145,0
DA:146,0
DA:155,0
DA:157,0
DA:160,0
DA:163,0
DA:164,0
DA:165,0
DA:166,0
DA:170,0
DA:171,0
DA:173,0
DA:174,0
DA:175,0
DA:178,0
DA:183,0
DA:185,0
DA:186,0
DA:187,0
DA:190,0
DA:195,0
DA:197,0
DA:198,0
DA:199,0
DA:202,0
DA:208,0
DA:209,0
DA:211,0
DA:212,0
DA:213,0
DA:216,0
DA:219,0
DA:224,0
DA:227,0
DA:229,0
DA:230,0
DA:231,0
DA:234,0
DA:238,0
DA:243,0
LF:94
LH:0
BRF:0
BRH:0
end_of_record
TN:
SF:src/services/emailService.test.js
FN:27,(anonymous_0)
FN:30,(anonymous_1)
FN:39,(anonymous_2)
FN:42,(anonymous_3)
FN:55,(anonymous_4)
FN:56,(anonymous_5)
FN:75,(anonymous_6)
FN:98,(anonymous_7)
FN:112,(anonymous_8)
FN:130,(anonymous_9)
FN:140,(anonymous_10)
FN:152,(anonymous_11)
FN:164,(anonymous_12)
FN:181,(anonymous_13)
FN:200,(anonymous_14)
FN:214,(anonymous_15)
FN:215,(anonymous_16)
FN:234,(anonymous_17)
FN:250,(anonymous_18)
FN:260,(anonymous_19)
FN:278,(anonymous_20)
FN:279,(anonymous_21)
FN:291,(anonymous_22)
FN:303,(anonymous_23)
FN:315,(anonymous_24)
FN:316,(anonymous_25)
FN:330,(anonymous_26)
FNF:27
FNH:0
FNDA:0,(anonymous_0)
FNDA:0,(anonymous_1)
FNDA:0,(anonymous_2)
FNDA:0,(anonymous_3)
FNDA:0,(anonymous_4)
FNDA:0,(anonymous_5)
FNDA:0,(anonymous_6)
FNDA:0,(anonymous_7)
FNDA:0,(anonymous_8)
FNDA:0,(anonymous_9)
FNDA:0,(anonymous_10)
FNDA:0,(anonymous_11)
FNDA:0,(anonymous_12)
FNDA:0,(anonymous_13)
FNDA:0,(anonymous_14)
FNDA:0,(anonymous_15)
FNDA:0,(anonymous_16)
FNDA:0,(anonymous_17)
FNDA:0,(anonymous_18)
FNDA:0,(anonymous_19)
FNDA:0,(anonymous_20)
FNDA:0,(anonymous_21)
FNDA:0,(anonymous_22)
FNDA:0,(anonymous_23)
FNDA:0,(anonymous_24)
FNDA:0,(anonymous_25)
FNDA:0,(anonymous_26)
DA:17,0
DA:24,0
DA:27,0
DA:28,0
DA:29,0
DA:30,0
DA:39,0
DA:42,0
DA:43,0
DA:46,0
DA:47,0
DA:50,0
DA:51,0
DA:52,0
DA:55,0
DA:56,0
DA:58,0
DA:61,0
DA:64,0
DA:65,0
DA:72,0
DA:75,0
DA:77,0
DA:80,0
DA:83,0
DA:86,0
DA:87,0
DA:88,0
DA:89,0
DA:90,0
DA:91,0
DA:94,0
DA:95,0
DA:98,0
DA:100,0
DA:103,0
DA:104,0
DA:106,0
DA:107,0
DA:108,0
DA:112,0
DA:114,0
DA:115,0
DA:122,0
DA:125,0
DA:126,0
DA:127,0
DA:130,0
DA:132,0
DA:135,0
DA:140,0
DA:142,0
DA:143,0
DA:144,0
DA:147,0
DA:152,0
DA:154,0
DA:155,0
DA:156,0
DA:159,0
DA:164,0
DA:166,0
DA:167,0
DA:170,0
DA:173,0
DA:178,0
DA:181,0
DA:183,0
DA:184,0
DA:185,0
DA:188,0
DA:192,0
DA:197,0
DA:200,0
DA:202,0
DA:203,0
DA:206,0
DA:209,0
DA:210,0
DA:214,0
DA:215,0
DA:217,0
DA:220,0
DA:223,0
DA:224,0
DA:231,0
DA:234,0
DA:236,0
DA:239,0
DA:242,0
DA:244,0
DA:245,0
DA:246,0
DA:247,0
DA:250,0
DA:252,0
DA:255,0
DA:260,0
DA:262,0
DA:263,0
DA:266,0
DA:269,0
DA:274,0
DA:278,0
DA:279,0
DA:281,0
DA:282,0
DA:283,0
DA:286,0
DA:291,0
DA:293,0
DA:294,0
DA:295,0
DA:298,0
DA:303,0
DA:305,0
DA:308,0
DA:311,0
DA:315,0
DA:316,0
DA:318,0
DA:321,0
DA:322,0
DA:325,0
DA:330,0
DA:332,0
DA:333,0
DA:336,0
DA:339,0
DA:340,0
LF:130
LH:0
BRF:0
BRH:0
end_of_record
TN:
SF:src/utils/availability.js
FN:10,validateAvailabilityWindow
FN:35,checkTimeOverlap
FN:55,formatAvailabilityResponse
FN:72,calculateAvailabilityScore
FN:78,(anonymous_4)
FN:95,hasSchedulingConflict
FN:96,(anonymous_6)
FN:112,findAvailableReferees
FN:114,(anonymous_8)
FN:125,(anonymous_9)
FN:129,(anonymous_10)
FNF:11
FNH:11
FNDA:4,validateAvailabilityWindow
FNDA:11,checkTimeOverlap
FNDA:2,formatAvailabilityResponse
FNDA:6,calculateAvailabilityScore
FNDA:5,(anonymous_4)
FNDA:6,hasSchedulingConflict
FNDA:6,(anonymous_6)
FNDA:3,findAvailableReferees
FNDA:6,(anonymous_8)
FNDA:3,(anonymous_9)
FNDA:1,(anonymous_10)
DA:11,4
DA:12,1
DA:16,3
DA:17,3
DA:18,1
DA:22,2
DA:23,1
DA:26,1
DA:36,11
DA:37,11
DA:38,11
DA:39,11
DA:42,11
DA:56,2
DA:73,6
DA:74,1
DA:78,5
DA:79,5
DA:86,5
DA:96,6
DA:97,6
DA:113,3
DA:116,6
DA:119,4
DA:120,1
DA:123,3
DA:125,3
DA:129,1
DA:132,1
LF:29
LH:29
BRDA:11,0,0,1
BRDA:11,0,1,3
BRDA:11,1,0,4
BRDA:11,1,1,4
BRDA:11,1,2,3
BRDA:17,2,0,1
BRDA:17,2,1,2
BRDA:17,3,0,3
BRDA:17,3,1,2
BRDA:22,4,0,1
BRDA:22,4,1,1
BRDA:43,5,0,11
BRDA:43,5,1,10
BRDA:43,5,2,4
BRDA:43,5,3,4
BRDA:43,5,4,4
BRDA:43,5,5,1
BRDA:73,6,0,1
BRDA:73,6,1,5
BRDA:73,7,0,6
BRDA:73,7,1,6
BRDA:79,8,0,5
BRDA:79,8,1,4
BRDA:86,9,0,3
BRDA:86,9,1,2
BRDA:97,10,0,6
BRDA:97,10,1,2
BRDA:112,11,0,3
BRDA:116,12,0,2
BRDA:116,12,1,4
BRDA:119,13,0,1
BRDA:119,13,1,3
BRDA:119,14,0,4
BRDA:119,14,1,4
BRF:34
BRH:34
end_of_record
TN:
SF:src/utils/organization-settings.js
FN:11,getOrganizationSettings
FN:64,clearSettingsCache
FNF:2
FNH:0
FNDA:0,getOrganizationSettings
FNDA:0,clearSettingsCache
DA:1,0
DA:3,0
DA:4,0
DA:5,0
DA:12,0
DA:15,0
DA:16,0
DA:19,0
DA:20,0
DA:26,0
DA:28,0
DA:36,0
DA:38,0
DA:42,0
DA:43,0
DA:45,0
DA:47,0
DA:50,0
DA:65,0
DA:66,0
DA:69,0
LF:21
LH:0
BRDA:15,0,0,0
BRDA:15,0,1,0
BRDA:15,1,0,0
BRDA:15,1,1,0
BRDA:26,2,0,0
BRDA:26,2,1,0
BRF:6
BRH:0
end_of_record
TN:
SF:src/utils/tournament-generator.js
FN:11,generateRoundRobin
FN:94,generateSingleElimination
FN:112,(anonymous_2)
FN:215,generateSwissSystem
FN:233,(anonymous_4)
FN:242,(anonymous_5)
FN:338,generateGroupStagePlayoffs
FN:405,(anonymous_7)
FN:442,(anonymous_8)
FN:452,(anonymous_9)
FN:482,shuffleArray
FN:491,getRoundName
FNF:12
FNH:0
FNDA:0,generateRoundRobin
FNDA:0,generateSingleElimination
FNDA:0,(anonymous_2)
FNDA:0,generateSwissSystem
FNDA:0,(anonymous_4)
FNDA:0,(anonymous_5)
FNDA:0,generateGroupStagePlayoffs
FNDA:0,(anonymous_7)
FNDA:0,(anonymous_8)
FNDA:0,(anonymous_9)
FNDA:0,shuffleArray
FNDA:0,getRoundName
DA:18,0
DA:20,0
DA:21,0
DA:24,0
DA:25,0
DA:26,0
DA:27,0
DA:30,0
DA:31,0
DA:33,0
DA:35,0
DA:36,0
DA:37,0
DA:39,0
DA:43,0
DA:55,0
DA:56,0
DA:59,0
DA:60,0
DA:61,0
DA:67,0
DA:68,0
DA:69,0
DA:75,0
DA:101,0
DA:103,0
DA:104,0
DA:108,0
DA:109,0
DA:110,0
DA:111,0
DA:112,0
DA:116,0
DA:117,0
DA:119,0
DA:120,0
DA:123,0
DA:124,0
DA:125,0
DA:126,0
DA:127,0
DA:128,0
DA:130,0
DA:131,0
DA:132,0
DA:135,0
DA:136,0
DA:137,0
DA:140,0
DA:141,0
DA:142,0
DA:144,0
DA:145,0
DA:146,0
DA:150,0
DA:151,0
DA:154,0
DA:167,0
DA:168,0
DA:171,0
DA:178,0
DA:181,0
DA:187,0
DA:188,0
DA:191,0
DA:192,0
DA:195,0
DA:222,0
DA:224,0
DA:225,0
DA:228,0
DA:229,0
DA:230,0
DA:233,0
DA:240,0
DA:242,0
DA:243,0
DA:245,0
DA:248,0
DA:249,0
DA:252,0
DA:253,0
DA:255,0
DA:256,0
DA:259,0
DA:260,0
DA:261,0
DA:262,0
DA:264,0
DA:265,0
DA:269,0
DA:270,0
DA:271,0
DA:272,0
DA:273,0
DA:274,0
DA:279,0
DA:281,0
DA:282,0
DA:285,0
DA:297,0
DA:298,0
DA:300,0
DA:301,0
DA:304,0
DA:305,0
DA:309,0
DA:315,0
DA:318,0
DA:347,0
DA:349,0
DA:350,0
DA:353,0
DA:354,0
DA:355,0
DA:358,0
DA:359,0
DA:361,0
DA:362,0
DA:363,0
DA:370,0
DA:373,0
DA:374,0
DA:377,0
DA:378,0
DA:380,0
DA:381,0
DA:384,0
DA:399,0
DA:405,0
DA:406,0
DA:408,0
DA:409,0
DA:417,0
DA:418,0
DA:419,0
DA:420,0
DA:431,0
DA:432,0
DA:434,0
DA:442,0
DA:443,0
DA:452,0
DA:453,0
DA:461,0
DA:483,0
DA:484,0
DA:485,0
DA:486,0
DA:488,0
DA:492,0
DA:494,0
DA:495,0
DA:496,0
DA:497,0
DA:498,0
DA:499,0
DA:500,0
DA:505,0
LF:159
LH:0
BRDA:11,0,0,0
BRDA:13,1,0,0
BRDA:14,2,0,0
BRDA:15,3,0,0
BRDA:16,4,0,0
BRDA:17,5,0,0
BRDA:20,6,0,0
BRDA:20,6,1,0
BRDA:33,7,0,0
BRDA:33,7,1,0
BRDA:35,8,0,0
BRDA:35,8,1,0
BRDA:59,9,0,0
BRDA:59,9,1,0
BRDA:94,10,0,0
BRDA:96,11,0,0
BRDA:97,12,0,0
BRDA:98,13,0,0
BRDA:99,14,0,0
BRDA:100,15,0,0
BRDA:103,16,0,0
BRDA:103,16,1,0
BRDA:109,17,0,0
BRDA:109,17,1,0
BRDA:111,18,0,0
BRDA:111,18,1,0
BRDA:112,19,0,0
BRDA:112,19,1,0
BRDA:112,20,0,0
BRDA:112,20,1,0
BRDA:140,21,0,0
BRDA:140,21,1,0
BRDA:144,22,0,0
BRDA:144,22,1,0
BRDA:215,23,0,0
BRDA:217,24,0,0
BRDA:218,25,0,0
BRDA:219,26,0,0
BRDA:220,27,0,0
BRDA:221,28,0,0
BRDA:224,29,0,0
BRDA:224,29,1,0
BRDA:243,30,0,0
BRDA:243,30,1,0
BRDA:245,31,0,0
BRDA:245,31,1,0
BRDA:245,32,0,0
BRDA:245,32,1,0
BRDA:253,33,0,0
BRDA:253,33,1,0
BRDA:261,34,0,0
BRDA:261,34,1,0
BRDA:262,35,0,0
BRDA:262,35,1,0
BRDA:269,36,0,0
BRDA:269,36,1,0
BRDA:272,37,0,0
BRDA:272,37,1,0
BRDA:279,38,0,0
BRDA:279,38,1,0
BRDA:338,39,0,0
BRDA:340,40,0,0
BRDA:341,41,0,0
BRDA:342,42,0,0
BRDA:343,43,0,0
BRDA:344,44,0,0
BRDA:345,45,0,0
BRDA:346,46,0,0
BRDA:349,47,0,0
BRDA:349,47,1,0
BRDA:374,48,0,0
BRDA:374,48,1,0
BRDA:422,49,0,0
BRDA:422,49,1,0
BRDA:422,50,0,0
BRDA:422,50,1,0
BRDA:431,51,0,0
BRDA:431,51,1,0
BRDA:494,52,0,0
BRDA:494,52,1,0
BRDA:494,52,2,0
BRDA:494,52,3,0
BRDA:494,52,4,0
BRDA:494,52,5,0
BRF:84
BRH:0
end_of_record
TN:
SF:src/utils/wage-calculator.js
FN:10,calculateFinalWage
FN:40,getWageBreakdown
FNF:2
FNH:2
FNDA:17,calculateFinalWage
FNDA:5,getWageBreakdown
DA:11,17
DA:12,8
DA:13,2
DA:15,6
DA:19,9
DA:20,2
DA:23,7
DA:24,1
DA:27,7
DA:41,5
DA:43,5
DA:44,2
DA:56,3
DA:67,1
LF:14
LH:14
BRDA:10,0,0,0
BRDA:10,1,0,0
BRDA:10,2,0,6
BRDA:10,3,0,6
BRDA:11,4,0,8
BRDA:11,4,1,9
BRDA:12,5,0,2
BRDA:12,5,1,6
BRDA:12,6,0,8
BRDA:12,6,1,7
BRDA:12,6,2,7
BRDA:12,6,3,6
BRDA:19,7,0,2
BRDA:19,7,1,7
BRDA:19,8,0,9
BRDA:19,8,1,8
BRDA:23,9,0,1
BRDA:23,9,1,6
BRDA:23,10,0,7
BRDA:23,10,1,6
BRDA:40,11,0,0
BRDA:40,12,0,1
BRDA:40,13,0,1
BRDA:40,14,0,3
BRDA:40,15,0,3
BRDA:43,16,0,2
BRDA:43,16,1,3
BRDA:50,17,0,1
BRDA:50,17,1,1
BRDA:62,18,0,1
BRDA:62,18,1,2
BRF:31
BRH:28
end_of_record
